TN:
SF:src\__tests__\test-utils.tsx
FN:20,(anonymous_0)
FN:39,(anonymous_1)
FN:68,(anonymous_2)
FN:69,(anonymous_3)
FNF:4
FNH:0
FNDA:0,(anonymous_0)
FNDA:0,(anonymous_1)
FNDA:0,(anonymous_2)
FNDA:0,(anonymous_3)
DA:9,0
DA:20,0
DA:21,0
DA:39,0
DA:40,0
DA:68,0
DA:69,0
DA:70,0
DA:79,0
LF:9
LH:0
BRDA:20,0,0,0
BRDA:71,1,0,0
BRDA:71,1,1,0
BRF:3
BRH:0
end_of_record
TN:
SF:src\__tests__\mocks\supabase.ts
FN:33,(anonymous_0)
FN:38,(anonymous_1)
FNF:2
FNH:0
FNDA:0,(anonymous_0)
FNDA:0,(anonymous_1)
DA:2,0
DA:33,0
DA:34,0
DA:38,0
DA:39,0
LF:5
LH:0
BRF:0
BRH:0
end_of_record
TN:
SF:src\components\AppHeader.tsx
FN:17,AppHeader
FN:24,(anonymous_1)
FN:27,(anonymous_2)
FN:35,(anonymous_3)
FN:40,(anonymous_4)
FN:45,(anonymous_5)
FNF:6
FNH:0
FNDA:0,AppHeader
FNDA:0,(anonymous_1)
FNDA:0,(anonymous_2)
FNDA:0,(anonymous_3)
FNDA:0,(anonymous_4)
FNDA:0,(anonymous_5)
DA:18,0
DA:19,0
DA:20,0
DA:21,0
DA:24,0
DA:25,0
DA:26,0
DA:27,0
DA:29,0
DA:30,0
DA:32,0
DA:35,0
DA:36,0
DA:37,0
DA:40,0
DA:41,0
DA:42,0
DA:45,0
DA:46,0
DA:47,0
DA:50,0
DA:98,0
LF:22
LH:0
BRDA:17,0,0,0
BRDA:17,1,0,0
BRDA:25,2,0,0
BRDA:25,2,1,0
BRDA:29,3,0,0
BRDA:29,3,1,0
BRDA:53,4,0,0
BRDA:53,4,1,0
BRDA:55,5,0,0
BRDA:55,5,1,0
BRDA:63,6,0,0
BRDA:63,6,1,0
BRDA:80,7,0,0
BRDA:80,7,1,0
BRDA:83,8,0,0
BRDA:83,8,1,0
BRF:16
BRH:0
end_of_record
TN:
SF:src\components\CalendarSyncModal.tsx
FN:46,CalendarSyncModal
FN:57,(anonymous_1)
FN:59,(anonymous_2)
FN:62,(anonymous_3)
FN:68,(anonymous_4)
FN:78,(anonymous_5)
FN:110,(anonymous_6)
FN:112,(anonymous_7)
FN:118,(anonymous_8)
FN:138,(anonymous_9)
FN:144,(anonymous_10)
FN:156,(anonymous_11)
FN:186,(anonymous_12)
FN:298,(anonymous_13)
FN:312,(anonymous_14)
FN:336,(anonymous_15)
FN:350,(anonymous_16)
FNF:17
FNH:0
FNDA:0,CalendarSyncModal
FNDA:0,(anonymous_1)
FNDA:0,(anonymous_2)
FNDA:0,(anonymous_3)
FNDA:0,(anonymous_4)
FNDA:0,(anonymous_5)
FNDA:0,(anonymous_6)
FNDA:0,(anonymous_7)
FNDA:0,(anonymous_8)
FNDA:0,(anonymous_9)
FNDA:0,(anonymous_10)
FNDA:0,(anonymous_11)
FNDA:0,(anonymous_12)
FNDA:0,(anonymous_13)
FNDA:0,(anonymous_14)
FNDA:0,(anonymous_15)
FNDA:0,(anonymous_16)
DA:27,0
DA:38,0
DA:47,0
DA:48,0
DA:50,0
DA:51,0
DA:52,0
DA:53,0
DA:54,0
DA:57,0
DA:58,0
DA:59,0
DA:60,0
DA:61,0
DA:62,0
DA:63,0
DA:66,0
DA:67,0
DA:68,0
DA:69,0
DA:73,0
DA:74,0
DA:78,0
DA:79,0
DA:80,0
DA:82,0
DA:84,0
DA:90,0
DA:96,0
DA:102,0
DA:110,0
DA:111,0
DA:112,0
DA:113,0
DA:114,0
DA:118,0
DA:119,0
DA:121,0
DA:122,0
DA:129,0
DA:130,0
DA:131,0
DA:133,0
DA:134,0
DA:138,0
DA:139,0
DA:140,0
DA:141,0
DA:144,0
DA:145,0
DA:146,0
DA:157,0
DA:158,0
DA:176,0
DA:186,0
DA:299,0
DA:313,0
DA:314,0
DA:337,0
DA:351,0
DA:352,0
DA:388,0
LF:62
LH:0
BRDA:58,0,0,0
BRDA:58,0,1,0
BRDA:60,1,0,0
BRDA:60,1,1,0
BRDA:62,2,0,0
BRDA:62,2,1,0
BRDA:66,3,0,0
BRDA:66,3,1,0
BRDA:68,4,0,0
BRDA:68,4,1,0
BRDA:82,5,0,0
BRDA:82,5,1,0
BRDA:82,5,2,0
BRDA:82,5,3,0
BRDA:114,6,0,0
BRDA:114,6,1,0
BRDA:133,7,0,0
BRDA:133,7,1,0
BRDA:152,8,0,0
BRDA:152,8,1,0
BRDA:153,9,0,0
BRDA:153,9,1,0
BRDA:163,10,0,0
BRDA:163,10,1,0
BRDA:165,11,0,0
BRDA:165,11,1,0
BRDA:201,12,0,0
BRDA:201,12,1,0
BRDA:206,13,0,0
BRDA:206,13,1,0
BRDA:208,14,0,0
BRDA:208,14,1,0
BRDA:217,15,0,0
BRDA:217,15,1,0
BRDA:223,16,0,0
BRDA:223,16,1,0
BRDA:223,17,0,0
BRDA:223,17,1,0
BRDA:226,18,0,0
BRDA:226,18,1,0
BRDA:233,19,0,0
BRDA:233,19,1,0
BRDA:233,20,0,0
BRDA:233,20,1,0
BRDA:236,21,0,0
BRDA:236,21,1,0
BRDA:251,22,0,0
BRDA:251,22,1,0
BRDA:304,23,0,0
BRDA:304,23,1,0
BRDA:307,24,0,0
BRDA:307,24,1,0
BRDA:320,25,0,0
BRDA:320,25,1,0
BRDA:342,26,0,0
BRDA:342,26,1,0
BRDA:345,27,0,0
BRDA:345,27,1,0
BRDA:358,28,0,0
BRDA:358,28,1,0
BRF:60
BRH:0
end_of_record
TN:
SF:src\components\ConfirmDialog.tsx
FN:19,ConfirmDialog
FN:31,(anonymous_1)
FN:40,(anonymous_2)
FN:57,(anonymous_3)
FNF:4
FNH:0
FNDA:0,ConfirmDialog
FNDA:0,(anonymous_1)
FNDA:0,(anonymous_2)
FNDA:0,(anonymous_3)
DA:29,0
DA:31,0
DA:32,0
DA:33,0
DA:35,0
DA:37,0
DA:40,0
DA:41,0
DA:42,0
DA:45,0
DA:47,0
DA:57,0
DA:88,0
LF:13
LH:0
BRDA:23,0,0,0
BRDA:24,1,0,0
BRDA:25,2,0,0
BRDA:32,3,0,0
BRDA:32,3,1,0
BRDA:45,4,0,0
BRDA:45,4,1,0
BRF:7
BRH:0
end_of_record
TN:
SF:src\components\CrossFitWorkoutCard.tsx
FN:38,CrossFitWorkoutCard
FN:48,(anonymous_1)
FN:65,(anonymous_2)
FN:70,(anonymous_3)
FN:75,(anonymous_4)
FN:98,(anonymous_5)
FN:182,(anonymous_6)
FNF:7
FNH:0
FNDA:0,CrossFitWorkoutCard
FNDA:0,(anonymous_1)
FNDA:0,(anonymous_2)
FNDA:0,(anonymous_3)
FNDA:0,(anonymous_4)
FNDA:0,(anonymous_5)
FNDA:0,(anonymous_6)
DA:39,0
DA:40,0
DA:43,0
DA:44,0
DA:45,0
DA:48,0
DA:49,0
DA:50,0
DA:51,0
DA:52,0
DA:53,0
DA:61,0
DA:62,0
DA:65,0
DA:66,0
DA:67,0
DA:70,0
DA:71,0
DA:72,0
DA:75,0
DA:76,0
DA:79,0
DA:80,0
DA:92,0
DA:95,0
DA:98,0
DA:99,0
DA:100,0
DA:101,0
DA:104,0
DA:183,0
DA:184,0
DA:195,0
LF:33
LH:0
BRDA:43,0,0,0
BRDA:43,0,1,0
BRDA:50,1,0,0
BRDA:50,1,1,0
BRDA:52,2,0,0
BRDA:52,2,1,0
BRDA:61,3,0,0
BRDA:61,3,1,0
BRDA:137,4,0,0
BRDA:137,4,1,0
BRF:10
BRH:0
end_of_record
TN:
SF:src\components\EventCard.tsx
FN:32,EventCard
FN:48,(anonymous_1)
FN:54,(anonymous_2)
FN:64,(anonymous_3)
FN:74,(anonymous_4)
FN:221,(anonymous_5)
FNF:6
FNH:0
FNDA:0,EventCard
FNDA:0,(anonymous_1)
FNDA:0,(anonymous_2)
FNDA:0,(anonymous_3)
FNDA:0,(anonymous_4)
FNDA:0,(anonymous_5)
DA:39,0
DA:42,0
DA:43,0
DA:44,0
DA:45,0
DA:48,0
DA:51,0
DA:54,0
DA:55,0
DA:64,0
DA:65,0
DA:66,0
DA:67,0
DA:68,0
DA:69,0
DA:70,0
DA:74,0
DA:75,0
DA:76,0
DA:77,0
DA:78,0
DA:81,0
DA:82,0
DA:110,0
DA:222,0
DA:223,0
DA:236,0
LF:27
LH:0
BRDA:37,0,0,0
BRDA:48,1,0,0
BRDA:48,1,1,0
BRDA:51,2,0,0
BRDA:51,2,1,0
BRDA:59,3,0,0
BRDA:59,3,1,0
BRDA:65,4,0,0
BRDA:65,4,1,0
BRDA:66,5,0,0
BRDA:66,5,1,0
BRDA:67,6,0,0
BRDA:67,6,1,0
BRDA:68,7,0,0
BRDA:68,7,1,0
BRDA:69,8,0,0
BRDA:69,8,1,0
BRDA:75,9,0,0
BRDA:75,9,1,0
BRDA:76,10,0,0
BRDA:76,10,1,0
BRDA:77,11,0,0
BRDA:77,11,1,0
BRDA:81,12,0,0
BRDA:81,12,1,0
BRDA:98,13,0,0
BRDA:98,13,1,0
BRDA:117,14,0,0
BRDA:117,14,1,0
BRDA:137,15,0,0
BRDA:137,15,1,0
BRDA:164,16,0,0
BRDA:164,16,1,0
BRDA:166,17,0,0
BRDA:166,17,1,0
BRDA:174,18,0,0
BRDA:174,18,1,0
BRDA:187,19,0,0
BRDA:187,19,1,0
BRDA:193,20,0,0
BRDA:193,20,1,0
BRDA:193,20,2,0
BRDA:218,21,0,0
BRDA:218,21,1,0
BRDA:218,21,2,0
BRF:45
BRH:0
end_of_record
TN:
SF:src\components\ExerciseSection.tsx
FN:37,ExerciseSection
FN:50,(anonymous_1)
FN:59,(anonymous_2)
FN:65,(anonymous_3)
FN:73,(anonymous_4)
FN:75,(anonymous_5)
FN:76,(anonymous_6)
FN:81,(anonymous_7)
FN:92,(anonymous_8)
FN:93,(anonymous_9)
FN:105,(anonymous_10)
FN:111,(anonymous_11)
FN:119,(anonymous_12)
FN:123,(anonymous_13)
FN:123,(anonymous_14)
FN:130,(anonymous_15)
FN:138,(anonymous_16)
FN:139,(anonymous_17)
FN:140,(anonymous_18)
FN:149,(anonymous_19)
FN:186,(anonymous_20)
FN:208,(anonymous_21)
FN:224,(anonymous_22)
FN:235,(anonymous_23)
FN:243,(anonymous_24)
FNF:25
FNH:0
FNDA:0,ExerciseSection
FNDA:0,(anonymous_1)
FNDA:0,(anonymous_2)
FNDA:0,(anonymous_3)
FNDA:0,(anonymous_4)
FNDA:0,(anonymous_5)
FNDA:0,(anonymous_6)
FNDA:0,(anonymous_7)
FNDA:0,(anonymous_8)
FNDA:0,(anonymous_9)
FNDA:0,(anonymous_10)
FNDA:0,(anonymous_11)
FNDA:0,(anonymous_12)
FNDA:0,(anonymous_13)
FNDA:0,(anonymous_14)
FNDA:0,(anonymous_15)
FNDA:0,(anonymous_16)
FNDA:0,(anonymous_17)
FNDA:0,(anonymous_18)
FNDA:0,(anonymous_19)
FNDA:0,(anonymous_20)
FNDA:0,(anonymous_21)
FNDA:0,(anonymous_22)
FNDA:0,(anonymous_23)
FNDA:0,(anonymous_24)
DA:38,0
DA:39,0
DA:40,0
DA:41,0
DA:43,0
DA:44,0
DA:45,0
DA:47,0
DA:50,0
DA:51,0
DA:52,0
DA:53,0
DA:58,0
DA:60,0
DA:61,0
DA:62,0
DA:65,0
DA:66,0
DA:67,0
DA:73,0
DA:75,0
DA:76,0
DA:78,0
DA:81,0
DA:83,0
DA:84,0
DA:86,0
DA:89,0
DA:92,0
DA:93,0
DA:97,0
DA:98,0
DA:102,0
DA:105,0
DA:106,0
DA:108,0
DA:109,0
DA:110,0
DA:111,0
DA:113,0
DA:114,0
DA:119,0
DA:120,0
DA:122,0
DA:123,0
DA:125,0
DA:126,0
DA:130,0
DA:131,0
DA:132,0
DA:133,0
DA:138,0
DA:139,0
DA:140,0
DA:144,0
DA:149,0
DA:187,0
DA:208,0
DA:224,0
DA:235,0
DA:243,0
DA:266,0
LF:62
LH:0
BRDA:43,0,0,0
BRDA:43,0,1,0
BRDA:51,1,0,0
BRDA:51,1,1,0
BRDA:52,2,0,0
BRDA:52,2,1,0
BRDA:61,3,0,0
BRDA:61,3,1,0
BRDA:66,4,0,0
BRDA:66,4,1,0
BRDA:76,5,0,0
BRDA:76,5,1,0
BRDA:83,6,0,0
BRDA:83,6,1,0
BRDA:93,7,0,0
BRDA:93,7,1,0
BRDA:97,8,0,0
BRDA:97,8,1,0
BRDA:110,9,0,0
BRDA:110,9,1,0
BRDA:113,10,0,0
BRDA:113,10,1,0
BRDA:125,11,0,0
BRDA:125,11,1,0
BRDA:132,12,0,0
BRDA:132,12,1,0
BRDA:161,13,0,0
BRDA:161,13,1,0
BRDA:168,14,0,0
BRDA:168,14,1,0
BRDA:191,15,0,0
BRDA:191,15,1,0
BRDA:207,16,0,0
BRDA:207,16,1,0
BRDA:223,17,0,0
BRDA:223,17,1,0
BRDA:232,18,0,0
BRDA:232,18,1,0
BRDA:233,19,0,0
BRDA:233,19,1,0
BRDA:237,20,0,0
BRDA:237,20,1,0
BRF:42
BRH:0
end_of_record
TN:
SF:src\components\FeedPostCard.tsx
FN:32,FeedPostCard
FN:48,(anonymous_1)
FN:51,(anonymous_2)
FN:53,(anonymous_3)
FN:60,(anonymous_4)
FN:63,(anonymous_5)
FN:93,(anonymous_6)
FN:118,(anonymous_7)
FN:150,(anonymous_8)
FN:156,(anonymous_9)
FN:171,(anonymous_10)
FN:182,(anonymous_11)
FN:261,(anonymous_12)
FN:280,(anonymous_13)
FN:342,(anonymous_14)
FN:346,(anonymous_15)
FN:353,(anonymous_16)
FN:358,(anonymous_17)
FN:370,(anonymous_18)
FN:383,(anonymous_19)
FN:387,(anonymous_20)
FN:399,(anonymous_21)
FN:408,(anonymous_22)
FN:414,(anonymous_23)
FN:428,(anonymous_24)
FNF:25
FNH:0
FNDA:0,FeedPostCard
FNDA:0,(anonymous_1)
FNDA:0,(anonymous_2)
FNDA:0,(anonymous_3)
FNDA:0,(anonymous_4)
FNDA:0,(anonymous_5)
FNDA:0,(anonymous_6)
FNDA:0,(anonymous_7)
FNDA:0,(anonymous_8)
FNDA:0,(anonymous_9)
FNDA:0,(anonymous_10)
FNDA:0,(anonymous_11)
FNDA:0,(anonymous_12)
FNDA:0,(anonymous_13)
FNDA:0,(anonymous_14)
FNDA:0,(anonymous_15)
FNDA:0,(anonymous_16)
FNDA:0,(anonymous_17)
FNDA:0,(anonymous_18)
FNDA:0,(anonymous_19)
FNDA:0,(anonymous_20)
FNDA:0,(anonymous_21)
FNDA:0,(anonymous_22)
FNDA:0,(anonymous_23)
FNDA:0,(anonymous_24)
DA:20,0
DA:41,0
DA:42,0
DA:43,0
DA:44,0
DA:45,0
DA:48,0
DA:49,0
DA:50,0
DA:51,0
DA:52,0
DA:54,0
DA:60,0
DA:63,0
DA:64,0
DA:66,0
DA:68,0
DA:69,0
DA:72,0
DA:73,0
DA:74,0
DA:77,0
DA:78,0
DA:81,0
DA:84,0
DA:85,0
DA:87,0
DA:93,0
DA:118,0
DA:150,0
DA:156,0
DA:172,0
DA:182,0
DA:262,0
DA:263,0
DA:264,0
DA:266,0
DA:281,0
DA:342,0
DA:346,0
DA:354,0
DA:355,0
DA:359,0
DA:370,0
DA:383,0
DA:387,0
DA:399,0
DA:408,0
DA:415,0
DA:429,0
DA:457,0
LF:51
LH:0
BRDA:49,0,0,0
BRDA:49,0,1,0
BRDA:49,1,0,0
BRDA:49,1,1,0
BRDA:64,2,0,0
BRDA:64,2,1,0
BRDA:68,3,0,0
BRDA:68,3,1,0
BRDA:68,4,0,0
BRDA:68,4,1,0
BRDA:72,5,0,0
BRDA:72,5,1,0
BRDA:77,6,0,0
BRDA:77,6,1,0
BRDA:81,7,0,0
BRDA:81,7,1,0
BRDA:85,8,0,0
BRDA:85,8,1,0
BRDA:95,9,0,0
BRDA:95,9,1,0
BRDA:103,10,0,0
BRDA:103,10,1,0
BRDA:109,11,0,0
BRDA:109,11,1,0
BRDA:115,12,0,0
BRDA:115,12,1,0
BRDA:129,13,0,0
BRDA:129,13,1,0
BRDA:135,14,0,0
BRDA:135,14,1,0
BRDA:147,15,0,0
BRDA:147,15,1,0
BRDA:160,16,0,0
BRDA:160,16,1,0
BRDA:169,17,0,0
BRDA:169,17,1,0
BRDA:177,18,0,0
BRDA:177,18,1,0
BRDA:191,19,0,0
BRDA:191,19,1,0
BRDA:198,20,0,0
BRDA:198,20,1,0
BRDA:212,21,0,0
BRDA:212,21,1,0
BRDA:220,22,0,0
BRDA:220,22,1,0
BRDA:229,23,0,0
BRDA:229,23,1,0
BRDA:236,24,0,0
BRDA:236,24,1,0
BRDA:250,25,0,0
BRDA:250,25,1,0
BRDA:258,26,0,0
BRDA:258,26,1,0
BRDA:263,27,0,0
BRDA:263,27,1,0
BRDA:278,28,0,0
BRDA:278,28,1,0
BRDA:278,29,0,0
BRDA:278,29,1,0
BRDA:282,30,0,0
BRDA:282,30,1,0
BRDA:288,31,0,0
BRDA:288,31,1,0
BRDA:312,32,0,0
BRDA:312,32,1,0
BRDA:317,33,0,0
BRDA:317,33,1,0
BRDA:319,34,0,0
BRDA:319,34,1,0
BRDA:331,35,0,0
BRDA:331,35,1,0
BRDA:403,36,0,0
BRDA:403,36,1,0
BRDA:421,37,0,0
BRDA:421,37,1,0
BRDA:421,38,0,0
BRDA:421,38,1,0
BRDA:429,39,0,0
BRDA:429,39,1,0
BRDA:434,40,0,0
BRDA:434,40,1,0
BRDA:437,41,0,0
BRDA:437,41,1,0
BRF:84
BRH:0
end_of_record
TN:
SF:src\components\GradientBackground.tsx
FN:15,GradientBackground
FNF:1
FNH:0
FNDA:0,GradientBackground
DA:6,0
DA:16,0
DA:18,0
DA:53,0
LF:4
LH:0
BRF:0
BRH:0
end_of_record
TN:
SF:src\components\ScreenLayout.tsx
FN:16,ScreenLayout
FNF:1
FNH:0
FNDA:0,ScreenLayout
DA:20,0
DA:22,0
DA:35,0
LF:3
LH:0
BRDA:18,0,0,0
BRF:1
BRH:0
end_of_record
TN:
SF:src\components\StatusBarGlow.tsx
FN:10,StatusBarGlow
FNF:1
FNH:0
FNDA:0,StatusBarGlow
DA:11,0
DA:12,0
DA:15,0
DA:17,0
DA:22,0
LF:5
LH:0
BRDA:15,0,0,0
BRDA:15,0,1,0
BRF:2
BRH:0
end_of_record
TN:
SF:src\components\WorkoutCard.tsx
FN:31,WorkoutCard
FN:37,(anonymous_1)
FN:40,(anonymous_2)
FN:49,(anonymous_3)
FN:54,(anonymous_4)
FN:59,(anonymous_5)
FN:115,(anonymous_6)
FNF:7
FNH:0
FNDA:0,WorkoutCard
FNDA:0,(anonymous_1)
FNDA:0,(anonymous_2)
FNDA:0,(anonymous_3)
FNDA:0,(anonymous_4)
FNDA:0,(anonymous_5)
FNDA:0,(anonymous_6)
DA:32,0
DA:33,0
DA:34,0
DA:36,0
DA:37,0
DA:40,0
DA:41,0
DA:42,0
DA:43,0
DA:45,0
DA:46,0
DA:49,0
DA:50,0
DA:51,0
DA:54,0
DA:55,0
DA:56,0
DA:59,0
DA:60,0
DA:61,0
DA:62,0
DA:65,0
DA:116,0
DA:156,0
LF:24
LH:0
BRDA:36,0,0,0
BRDA:36,0,1,0
BRDA:41,1,0,0
BRDA:41,1,1,0
BRDA:103,2,0,0
BRDA:103,2,1,0
BRDA:113,3,0,0
BRDA:113,3,1,0
BRDA:126,4,0,0
BRDA:126,4,1,0
BRDA:135,5,0,0
BRDA:135,5,1,0
BRDA:145,6,0,0
BRDA:145,6,1,0
BRF:14
BRH:0
end_of_record
TN:
SF:src\context\AuthContext.tsx
FN:37,(anonymous_0)
FN:49,AuthProvider
FN:54,(anonymous_2)
FN:56,(anonymous_3)
FN:65,(anonymous_4)
FN:75,(anonymous_5)
FN:86,(anonymous_6)
FN:137,(anonymous_7)
FN:140,(anonymous_8)
FN:179,(anonymous_9)
FN:187,(anonymous_10)
FN:241,(anonymous_11)
FN:246,(anonymous_12)
FNF:13
FNH:0
FNDA:0,(anonymous_0)
FNDA:0,AuthProvider
FNDA:0,(anonymous_2)
FNDA:0,(anonymous_3)
FNDA:0,(anonymous_4)
FNDA:0,(anonymous_5)
FNDA:0,(anonymous_6)
FNDA:0,(anonymous_7)
FNDA:0,(anonymous_8)
FNDA:0,(anonymous_9)
FNDA:0,(anonymous_10)
FNDA:0,(anonymous_11)
FNDA:0,(anonymous_12)
DA:15,0
DA:35,0
DA:37,0
DA:38,0
DA:39,0
DA:40,0
DA:42,0
DA:50,0
DA:51,0
DA:52,0
DA:54,0
DA:56,0
DA:57,0
DA:58,0
DA:59,0
DA:60,0
DA:63,0
DA:66,0
DA:67,0
DA:71,0
DA:72,0
DA:73,0
DA:76,0
DA:77,0
DA:78,0
DA:79,0
DA:80,0
DA:86,0
DA:87,0
DA:88,0
DA:89,0
DA:92,0
DA:93,0
DA:94,0
DA:100,0
DA:101,0
DA:110,0
DA:116,0
DA:118,0
DA:121,0
DA:124,0
DA:132,0
DA:137,0
DA:140,0
DA:142,0
DA:148,0
DA:149,0
DA:152,0
DA:157,0
DA:160,0
DA:161,0
DA:171,0
DA:172,0
DA:176,0
DA:179,0
DA:180,0
DA:184,0
DA:187,0
DA:188,0
DA:190,0
DA:194,0
DA:197,0
DA:205,0
DA:206,0
DA:209,0
DA:214,0
DA:216,0
DA:217,0
DA:218,0
DA:219,0
DA:221,0
DA:224,0
DA:229,0
DA:230,0
DA:234,0
DA:236,0
DA:237,0
DA:241,0
DA:242,0
DA:243,0
DA:246,0
DA:247,0
DA:248,0
DA:251,0
DA:262,0
LF:85
LH:0
BRDA:39,0,0,0
BRDA:39,0,1,0
BRDA:69,1,0,0
BRDA:69,1,1,0
BRDA:72,2,0,0
BRDA:72,2,1,0
BRDA:89,3,0,0
BRDA:89,3,1,0
BRDA:92,4,0,0
BRDA:92,4,1,0
BRDA:92,5,0,0
BRDA:92,5,1,0
BRDA:100,6,0,0
BRDA:100,6,1,0
BRDA:116,7,0,0
BRDA:116,7,1,0
BRDA:118,8,0,0
BRDA:118,8,1,0
BRDA:118,8,2,0
BRDA:127,9,0,0
BRDA:127,9,1,0
BRDA:128,10,0,0
BRDA:128,10,1,0
BRDA:148,11,0,0
BRDA:148,11,1,0
BRDA:157,12,0,0
BRDA:157,12,1,0
BRDA:160,13,0,0
BRDA:160,13,1,0
BRDA:171,14,0,0
BRDA:171,14,1,0
BRDA:205,15,0,0
BRDA:205,15,1,0
BRDA:206,16,0,0
BRDA:206,16,1,0
BRDA:214,17,0,0
BRDA:214,17,1,0
BRDA:214,18,0,0
BRDA:214,18,1,0
BRDA:221,19,0,0
BRDA:221,19,1,0
BRDA:226,20,0,0
BRDA:226,20,1,0
BRDA:229,21,0,0
BRDA:229,21,1,0
BRF:45
BRH:0
end_of_record
TN:
SF:src\context\NotificationContext.tsx
FN:36,(anonymous_0)
FN:37,(anonymous_1)
FN:38,(anonymous_2)
FN:41,useNotifications
FN:49,NotificationProvider
FN:59,(anonymous_5)
FN:66,(anonymous_6)
FN:67,(anonymous_7)
FN:71,(anonymous_8)
FN:93,(anonymous_9)
FN:100,(anonymous_10)
FN:106,(anonymous_11)
FN:122,(anonymous_12)
FN:130,(anonymous_13)
FN:136,(anonymous_14)
FN:139,(anonymous_15)
FNF:16
FNH:0
FNDA:0,(anonymous_0)
FNDA:0,(anonymous_1)
FNDA:0,(anonymous_2)
FNDA:0,useNotifications
FNDA:0,NotificationProvider
FNDA:0,(anonymous_5)
FNDA:0,(anonymous_6)
FNDA:0,(anonymous_7)
FNDA:0,(anonymous_8)
FNDA:0,(anonymous_9)
FNDA:0,(anonymous_10)
FNDA:0,(anonymous_11)
FNDA:0,(anonymous_12)
FNDA:0,(anonymous_13)
FNDA:0,(anonymous_14)
FNDA:0,(anonymous_15)
DA:24,0
DA:31,0
DA:36,0
DA:42,0
DA:50,0
DA:51,0
DA:52,0
DA:53,0
DA:54,0
DA:55,0
DA:56,0
DA:59,0
DA:60,0
DA:61,0
DA:66,0
DA:67,0
DA:68,0
DA:71,0
DA:72,0
DA:73,0
DA:76,0
DA:78,0
DA:79,0
DA:80,0
DA:81,0
DA:82,0
DA:87,0
DA:93,0
DA:94,0
DA:95,0
DA:100,0
DA:101,0
DA:102,0
DA:103,0
DA:106,0
DA:107,0
DA:109,0
DA:111,0
DA:112,0
DA:113,0
DA:114,0
DA:115,0
DA:118,0
DA:119,0
DA:122,0
DA:123,0
DA:125,0
DA:126,0
DA:127,0
DA:130,0
DA:131,0
DA:132,0
DA:136,0
DA:137,0
DA:138,0
DA:139,0
DA:142,0
LF:57
LH:0
BRDA:60,0,0,0
BRDA:60,0,1,0
BRDA:76,1,0,0
BRDA:76,1,1,0
BRDA:76,2,0,0
BRDA:76,2,1,0
BRDA:79,3,0,0
BRDA:79,3,1,0
BRDA:79,4,0,0
BRDA:79,4,1,0
BRDA:81,5,0,0
BRDA:81,5,1,0
BRDA:94,6,0,0
BRDA:94,6,1,0
BRDA:101,7,0,0
BRDA:101,7,1,0
BRDA:107,8,0,0
BRDA:107,8,1,0
BRDA:111,9,0,0
BRDA:111,9,1,0
BRDA:123,10,0,0
BRDA:123,10,1,0
BRF:22
BRH:0
end_of_record
TN:
SF:src\context\PostDraftContext.tsx
FN:16,(anonymous_0)
FN:21,(anonymous_1)
FN:44,(anonymous_2)
FNF:3
FNH:0
FNDA:0,(anonymous_0)
FNDA:0,(anonymous_1)
FNDA:0,(anonymous_2)
DA:14,0
DA:16,0
DA:17,0
DA:18,0
DA:19,0
DA:21,0
DA:22,0
DA:23,0
DA:24,0
DA:27,0
DA:44,0
DA:45,0
DA:46,0
DA:47,0
DA:49,0
LF:15
LH:0
BRDA:46,0,0,0
BRDA:46,0,1,0
BRF:2
BRH:0
end_of_record
TN:
SF:src\context\ThemeContext.tsx
FN:38,(anonymous_0)
FN:52,ThemeProvider
FN:66,(anonymous_2)
FN:71,(anonymous_3)
FN:78,(anonymous_4)
FN:84,(anonymous_5)
FN:87,(anonymous_6)
FN:100,(anonymous_7)
FN:133,(anonymous_8)
FN:138,(anonymous_9)
FN:150,(anonymous_10)
FN:175,(anonymous_11)
FN:195,(anonymous_12)
FNF:13
FNH:0
FNDA:0,(anonymous_0)
FNDA:0,ThemeProvider
FNDA:0,(anonymous_2)
FNDA:0,(anonymous_3)
FNDA:0,(anonymous_4)
FNDA:0,(anonymous_5)
FNDA:0,(anonymous_6)
FNDA:0,(anonymous_7)
FNDA:0,(anonymous_8)
FNDA:0,(anonymous_9)
FNDA:0,(anonymous_10)
FNDA:0,(anonymous_11)
FNDA:0,(anonymous_12)
DA:36,0
DA:38,0
DA:39,0
DA:40,0
DA:41,0
DA:43,0
DA:46,0
DA:53,0
DA:54,0
DA:55,0
DA:57,0
DA:62,0
DA:63,0
DA:66,0
DA:67,0
DA:71,0
DA:72,0
DA:73,0
DA:74,0
DA:78,0
DA:84,0
DA:87,0
DA:88,0
DA:89,0
DA:92,0
DA:93,0
DA:94,0
DA:95,0
DA:96,0
DA:100,0
DA:101,0
DA:102,0
DA:108,0
DA:110,0
DA:111,0
DA:114,0
DA:117,0
DA:123,0
DA:126,0
DA:128,0
DA:133,0
DA:134,0
DA:135,0
DA:138,0
DA:139,0
DA:140,0
DA:142,0
DA:143,0
DA:150,0
DA:151,0
DA:153,0
DA:155,0
DA:157,0
DA:159,0
DA:160,0
DA:175,0
DA:176,0
DA:181,0
DA:183,0
DA:184,0
DA:195,0
DA:196,0
DA:198,0
DA:199,0
DA:206,0
DA:222,0
LF:66
LH:0
BRDA:40,0,0,0
BRDA:40,0,1,0
BRDA:67,1,0,0
BRDA:67,1,1,0
BRDA:72,2,0,0
BRDA:72,2,1,0
BRDA:79,3,0,0
BRDA:79,3,1,0
BRDA:80,4,0,0
BRDA:80,4,1,0
BRDA:88,5,0,0
BRDA:88,5,1,0
BRDA:108,6,0,0
BRDA:108,6,1,0
BRDA:108,7,0,0
BRDA:108,7,1,0
BRDA:110,8,0,0
BRDA:110,8,1,0
BRDA:114,9,0,0
BRDA:114,9,1,0
BRDA:118,10,0,0
BRDA:118,10,1,0
BRDA:119,11,0,0
BRDA:119,11,1,0
BRDA:120,12,0,0
BRDA:120,12,1,0
BRDA:134,13,0,0
BRDA:134,13,1,0
BRDA:142,14,0,0
BRDA:142,14,1,0
BRDA:151,15,0,0
BRDA:151,15,1,0
BRDA:159,16,0,0
BRDA:159,16,1,0
BRDA:177,17,0,0
BRDA:177,17,1,0
BRDA:178,18,0,0
BRDA:178,18,1,0
BRDA:179,19,0,0
BRDA:179,19,1,0
BRDA:183,20,0,0
BRDA:183,20,1,0
BRDA:187,21,0,0
BRDA:187,21,1,0
BRDA:188,22,0,0
BRDA:188,22,1,0
BRDA:189,23,0,0
BRDA:189,23,1,0
BRDA:198,24,0,0
BRDA:198,24,1,0
BRF:50
BRH:0
end_of_record
TN:
SF:src\data\badges.ts
FN:17,(anonymous_0)
FN:29,(anonymous_1)
FN:41,(anonymous_2)
FN:50,(anonymous_3)
FN:61,(anonymous_4)
FN:70,(anonymous_5)
FN:79,(anonymous_6)
FN:88,(anonymous_7)
FN:97,(anonymous_8)
FN:110,(anonymous_9)
FN:122,(anonymous_10)
FN:134,(anonymous_11)
FN:146,(anonymous_12)
FN:158,(anonymous_13)
FN:170,(anonymous_14)
FN:182,(anonymous_15)
FN:194,(anonymous_16)
FN:206,(anonymous_17)
FN:218,(anonymous_18)
FN:230,(anonymous_19)
FN:242,(anonymous_20)
FN:310,getBadgesByCategory
FN:312,(anonymous_22)
FN:322,getManualBadges
FN:323,(anonymous_24)
FN:327,getAutomaticBadges
FN:328,(anonymous_26)
FN:332,checkWorkoutForBadges
FN:335,(anonymous_28)
FN:346,checkStatBadges
FN:349,(anonymous_30)
FNF:31
FNH:0
FNDA:0,(anonymous_0)
FNDA:0,(anonymous_1)
FNDA:0,(anonymous_2)
FNDA:0,(anonymous_3)
FNDA:0,(anonymous_4)
FNDA:0,(anonymous_5)
FNDA:0,(anonymous_6)
FNDA:0,(anonymous_7)
FNDA:0,(anonymous_8)
FNDA:0,(anonymous_9)
FNDA:0,(anonymous_10)
FNDA:0,(anonymous_11)
FNDA:0,(anonymous_12)
FNDA:0,(anonymous_13)
FNDA:0,(anonymous_14)
FNDA:0,(anonymous_15)
FNDA:0,(anonymous_16)
FNDA:0,(anonymous_17)
FNDA:0,(anonymous_18)
FNDA:0,(anonymous_19)
FNDA:0,(anonymous_20)
FNDA:0,getBadgesByCategory
FNDA:0,(anonymous_22)
FNDA:0,getManualBadges
FNDA:0,(anonymous_24)
FNDA:0,getAutomaticBadges
FNDA:0,(anonymous_26)
FNDA:0,checkWorkoutForBadges
FNDA:0,(anonymous_28)
FNDA:0,checkStatBadges
FNDA:0,(anonymous_30)
DA:4,0
DA:18,0
DA:19,0
DA:30,0
DA:31,0
DA:41,0
DA:50,0
DA:61,0
DA:70,0
DA:79,0
DA:88,0
DA:97,0
DA:111,0
DA:112,0
DA:123,0
DA:124,0
DA:135,0
DA:136,0
DA:147,0
DA:148,0
DA:159,0
DA:160,0
DA:171,0
DA:172,0
DA:183,0
DA:184,0
DA:195,0
DA:196,0
DA:207,0
DA:208,0
DA:219,0
DA:220,0
DA:231,0
DA:232,0
DA:243,0
DA:244,0
DA:311,0
DA:312,0
DA:313,0
DA:314,0
DA:316,0
DA:318,0
DA:323,0
DA:328,0
DA:333,0
DA:335,0
DA:336,0
DA:337,0
DA:338,0
DA:342,0
DA:347,0
DA:349,0
DA:350,0
DA:351,0
DA:352,0
DA:356,0
LF:56
LH:0
BRDA:18,0,0,0
BRDA:18,0,1,0
BRDA:18,1,0,0
BRDA:18,1,1,0
BRDA:18,2,0,0
BRDA:18,2,1,0
BRDA:30,3,0,0
BRDA:30,3,1,0
BRDA:30,4,0,0
BRDA:30,4,1,0
BRDA:30,5,0,0
BRDA:30,5,1,0
BRDA:41,6,0,0
BRDA:41,6,1,0
BRDA:50,7,0,0
BRDA:50,7,1,0
BRDA:111,8,0,0
BRDA:111,8,1,0
BRDA:112,9,0,0
BRDA:112,9,1,0
BRDA:112,9,2,0
BRDA:123,10,0,0
BRDA:123,10,1,0
BRDA:124,11,0,0
BRDA:124,11,1,0
BRDA:135,12,0,0
BRDA:135,12,1,0
BRDA:136,13,0,0
BRDA:136,13,1,0
BRDA:136,13,2,0
BRDA:136,13,3,0
BRDA:136,13,4,0
BRDA:136,13,5,0
BRDA:147,14,0,0
BRDA:147,14,1,0
BRDA:148,15,0,0
BRDA:148,15,1,0
BRDA:148,15,2,0
BRDA:148,15,3,0
BRDA:148,15,4,0
BRDA:148,15,5,0
BRDA:159,16,0,0
BRDA:159,16,1,0
BRDA:160,17,0,0
BRDA:160,17,1,0
BRDA:171,18,0,0
BRDA:171,18,1,0
BRDA:172,19,0,0
BRDA:172,19,1,0
BRDA:183,20,0,0
BRDA:183,20,1,0
BRDA:184,21,0,0
BRDA:184,21,1,0
BRDA:184,21,2,0
BRDA:184,21,3,0
BRDA:195,22,0,0
BRDA:195,22,1,0
BRDA:196,23,0,0
BRDA:196,23,1,0
BRDA:196,23,2,0
BRDA:196,23,3,0
BRDA:207,24,0,0
BRDA:207,24,1,0
BRDA:208,25,0,0
BRDA:208,25,1,0
BRDA:219,26,0,0
BRDA:219,26,1,0
BRDA:220,27,0,0
BRDA:220,27,1,0
BRDA:220,27,2,0
BRDA:220,27,3,0
BRDA:220,27,4,0
BRDA:220,27,5,0
BRDA:231,28,0,0
BRDA:231,28,1,0
BRDA:232,29,0,0
BRDA:232,29,1,0
BRDA:243,30,0,0
BRDA:243,30,1,0
BRDA:244,31,0,0
BRDA:244,31,1,0
BRDA:313,32,0,0
BRDA:313,32,1,0
BRDA:337,33,0,0
BRDA:337,33,1,0
BRDA:337,34,0,0
BRDA:337,34,1,0
BRDA:351,35,0,0
BRDA:351,35,1,0
BRDA:351,36,0,0
BRDA:351,36,1,0
BRF:91
BRH:0
end_of_record
TN:
SF:src\data\crossfitWorkouts.ts
FN:552,getRandomCrossFitWorkout
FN:558,getCrossFitWorkoutsByYear
FN:559,(anonymous_2)
FNF:3
FNH:0
FNDA:0,getRandomCrossFitWorkout
FNDA:0,getCrossFitWorkoutsByYear
FNDA:0,(anonymous_2)
DA:4,0
DA:553,0
DA:554,0
DA:559,0
LF:4
LH:0
BRF:0
BRH:0
end_of_record
TN:
SF:src\hooks\useActivityFeed.ts
FN:88,useActivityFeed
FN:95,(anonymous_1)
FN:146,(anonymous_2)
FN:156,(anonymous_3)
FN:162,(anonymous_4)
FN:165,(anonymous_5)
FN:172,(anonymous_6)
FN:174,(anonymous_7)
FN:176,(anonymous_8)
FN:200,(anonymous_9)
FN:232,(anonymous_10)
FN:244,(anonymous_11)
FN:244,(anonymous_12)
FN:253,(anonymous_13)
FN:258,(anonymous_14)
FN:271,(anonymous_15)
FN:271,(anonymous_16)
FN:288,(anonymous_17)
FN:288,(anonymous_18)
FN:303,(anonymous_19)
FN:314,(anonymous_20)
FN:320,(anonymous_21)
FN:322,(anonymous_22)
FN:333,(anonymous_23)
FN:362,(anonymous_24)
FN:362,(anonymous_25)
FN:376,(anonymous_26)
FN:392,(anonymous_27)
FN:392,(anonymous_28)
FN:406,(anonymous_29)
FN:417,(anonymous_30)
FN:431,(anonymous_31)
FN:443,(anonymous_32)
FN:450,(anonymous_33)
FN:471,uploadFeedPhotos
FN:513,formatDuration
FN:528,formatRelativeTime
FNF:37
FNH:0
FNDA:0,useActivityFeed
FNDA:0,(anonymous_1)
FNDA:0,(anonymous_2)
FNDA:0,(anonymous_3)
FNDA:0,(anonymous_4)
FNDA:0,(anonymous_5)
FNDA:0,(anonymous_6)
FNDA:0,(anonymous_7)
FNDA:0,(anonymous_8)
FNDA:0,(anonymous_9)
FNDA:0,(anonymous_10)
FNDA:0,(anonymous_11)
FNDA:0,(anonymous_12)
FNDA:0,(anonymous_13)
FNDA:0,(anonymous_14)
FNDA:0,(anonymous_15)
FNDA:0,(anonymous_16)
FNDA:0,(anonymous_17)
FNDA:0,(anonymous_18)
FNDA:0,(anonymous_19)
FNDA:0,(anonymous_20)
FNDA:0,(anonymous_21)
FNDA:0,(anonymous_22)
FNDA:0,(anonymous_23)
FNDA:0,(anonymous_24)
FNDA:0,(anonymous_25)
FNDA:0,(anonymous_26)
FNDA:0,(anonymous_27)
FNDA:0,(anonymous_28)
FNDA:0,(anonymous_29)
FNDA:0,(anonymous_30)
FNDA:0,(anonymous_31)
FNDA:0,(anonymous_32)
FNDA:0,(anonymous_33)
FNDA:0,uploadFeedPhotos
FNDA:0,formatDuration
FNDA:0,formatRelativeTime
DA:89,0
DA:90,0
DA:91,0
DA:92,0
DA:95,0
DA:96,0
DA:98,0
DA:99,0
DA:100,0
DA:102,0
DA:140,0
DA:141,0
DA:145,0
DA:146,0
DA:148,0
DA:151,0
DA:153,0
DA:156,0
DA:157,0
DA:162,0
DA:165,0
DA:166,0
DA:172,0
DA:174,0
DA:175,0
DA:176,0
DA:178,0
DA:185,0
DA:189,0
DA:191,0
DA:192,0
DA:194,0
DA:200,0
DA:203,0
DA:205,0
DA:206,0
DA:219,0
DA:222,0
DA:224,0
DA:226,0
DA:227,0
DA:232,0
DA:233,0
DA:235,0
DA:236,0
DA:242,0
DA:244,0
DA:245,0
DA:247,0
DA:248,0
DA:253,0
DA:254,0
DA:256,0
DA:258,0
DA:260,0
DA:262,0
DA:269,0
DA:271,0
DA:272,0
DA:278,0
DA:286,0
DA:288,0
DA:289,0
DA:295,0
DA:297,0
DA:298,0
DA:303,0
DA:304,0
DA:305,0
DA:311,0
DA:314,0
DA:315,0
DA:320,0
DA:322,0
DA:327,0
DA:328,0
DA:333,0
DA:337,0
DA:339,0
DA:340,0
DA:350,0
DA:353,0
DA:359,0
DA:362,0
DA:363,0
DA:368,0
DA:370,0
DA:371,0
DA:376,0
DA:380,0
DA:382,0
DA:383,0
DA:389,0
DA:392,0
DA:393,0
DA:398,0
DA:400,0
DA:401,0
DA:406,0
DA:407,0
DA:408,0
DA:414,0
DA:417,0
DA:418,0
DA:423,0
DA:425,0
DA:426,0
DA:431,0
DA:432,0
DA:434,0
DA:445,0
DA:450,0
DA:451,0
DA:455,0
DA:475,0
DA:476,0
DA:478,0
DA:479,0
DA:481,0
DA:482,0
DA:488,0
DA:495,0
DA:498,0
DA:502,0
DA:505,0
DA:507,0
DA:508,0
DA:514,0
DA:515,0
DA:516,0
DA:518,0
DA:519,0
DA:520,0
DA:521,0
DA:523,0
DA:529,0
DA:530,0
DA:531,0
DA:532,0
DA:533,0
DA:534,0
DA:536,0
DA:537,0
DA:538,0
DA:539,0
DA:541,0
LF:146
LH:0
BRDA:95,0,0,0
BRDA:96,1,0,0
BRDA:96,1,1,0
BRDA:140,2,0,0
BRDA:140,2,1,0
BRDA:146,3,0,0
BRDA:146,3,1,0
BRDA:153,4,0,0
BRDA:153,4,1,0
BRDA:156,5,0,0
BRDA:156,5,1,0
BRDA:162,6,0,0
BRDA:162,6,1,0
BRDA:165,7,0,0
BRDA:165,7,1,0
BRDA:172,8,0,0
BRDA:172,8,1,0
BRDA:174,9,0,0
BRDA:174,9,1,0
BRDA:175,10,0,0
BRDA:175,10,1,0
BRDA:175,11,0,0
BRDA:175,11,1,0
BRDA:176,12,0,0
BRDA:176,12,1,0
BRDA:176,13,0,0
BRDA:176,13,1,0
BRDA:185,14,0,0
BRDA:185,14,1,0
BRDA:203,15,0,0
BRDA:203,15,1,0
BRDA:210,16,0,0
BRDA:210,16,1,0
BRDA:211,17,0,0
BRDA:211,17,1,0
BRDA:212,18,0,0
BRDA:212,18,1,0
BRDA:213,19,0,0
BRDA:213,19,1,0
BRDA:214,20,0,0
BRDA:214,20,1,0
BRDA:219,21,0,0
BRDA:219,21,1,0
BRDA:222,22,0,0
BRDA:222,22,1,0
BRDA:233,23,0,0
BRDA:233,23,1,0
BRDA:242,24,0,0
BRDA:242,24,1,0
BRDA:254,25,0,0
BRDA:254,25,1,0
BRDA:260,26,0,0
BRDA:260,26,1,0
BRDA:269,27,0,0
BRDA:269,27,1,0
BRDA:272,28,0,0
BRDA:272,28,1,0
BRDA:286,29,0,0
BRDA:286,29,1,0
BRDA:289,30,0,0
BRDA:289,30,1,0
BRDA:311,31,0,0
BRDA:311,31,1,0
BRDA:314,32,0,0
BRDA:314,32,1,0
BRDA:320,33,0,0
BRDA:320,33,1,0
BRDA:322,34,0,0
BRDA:322,34,1,0
BRDA:337,35,0,0
BRDA:337,35,1,0
BRDA:350,36,0,0
BRDA:350,36,1,0
BRDA:363,37,0,0
BRDA:363,37,1,0
BRDA:380,38,0,0
BRDA:380,38,1,0
BRDA:389,39,0,0
BRDA:389,39,1,0
BRDA:393,40,0,0
BRDA:393,40,1,0
BRDA:414,41,0,0
BRDA:414,41,1,0
BRDA:417,42,0,0
BRDA:417,42,1,0
BRDA:423,43,0,0
BRDA:423,43,1,0
BRDA:432,44,0,0
BRDA:432,44,1,0
BRDA:485,45,0,0
BRDA:485,45,1,0
BRDA:491,46,0,0
BRDA:491,46,1,0
BRDA:495,47,0,0
BRDA:495,47,1,0
BRDA:518,48,0,0
BRDA:518,48,1,0
BRDA:520,49,0,0
BRDA:520,49,1,0
BRDA:536,50,0,0
BRDA:536,50,1,0
BRDA:537,51,0,0
BRDA:537,51,1,0
BRDA:538,52,0,0
BRDA:538,52,1,0
BRDA:539,53,0,0
BRDA:539,53,1,0
BRF:107
BRH:0
end_of_record
TN:
SF:src\hooks\useAthleteProfile.ts
FN:19,useAthleteProfile
FN:26,(anonymous_1)
FN:27,(anonymous_2)
FN:47,(anonymous_3)
FN:82,(anonymous_4)
FN:114,(anonymous_5)
FN:118,(anonymous_6)
FN:152,(anonymous_7)
FN:157,(anonymous_8)
FN:182,(anonymous_9)
FN:187,(anonymous_10)
FNF:11
FNH:0
FNDA:0,useAthleteProfile
FNDA:0,(anonymous_1)
FNDA:0,(anonymous_2)
FNDA:0,(anonymous_3)
FNDA:0,(anonymous_4)
FNDA:0,(anonymous_5)
FNDA:0,(anonymous_6)
FNDA:0,(anonymous_7)
FNDA:0,(anonymous_8)
FNDA:0,(anonymous_9)
FNDA:0,(anonymous_10)
DA:6,0
DA:20,0
DA:21,0
DA:22,0
DA:23,0
DA:26,0
DA:27,0
DA:28,0
DA:29,0
DA:30,0
DA:31,0
DA:33,0
DA:34,0
DA:38,0
DA:42,0
DA:43,0
DA:47,0
DA:48,0
DA:49,0
DA:50,0
DA:53,0
DA:54,0
DA:56,0
DA:62,0
DA:63,0
DA:66,0
DA:67,0
DA:68,0
DA:71,0
DA:72,0
DA:75,0
DA:76,0
DA:78,0
DA:82,0
DA:83,0
DA:85,0
DA:86,0
DA:98,0
DA:100,0
DA:103,0
DA:104,0
DA:107,0
DA:109,0
DA:110,0
DA:114,0
DA:115,0
DA:118,0
DA:119,0
DA:121,0
DA:122,0
DA:123,0
DA:125,0
DA:137,0
DA:139,0
DA:140,0
DA:143,0
DA:145,0
DA:147,0
DA:148,0
DA:152,0
DA:153,0
DA:155,0
DA:156,0
DA:157,0
DA:159,0
DA:166,0
DA:168,0
DA:169,0
DA:172,0
DA:174,0
DA:176,0
DA:177,0
DA:182,0
DA:183,0
DA:184,0
DA:187,0
DA:188,0
DA:191,0
LF:78
LH:0
BRDA:30,0,0,0
BRDA:30,0,1,0
BRDA:33,1,0,0
BRDA:33,1,1,0
BRDA:42,2,0,0
BRDA:42,2,1,0
BRDA:48,3,0,0
BRDA:48,3,1,0
BRDA:62,4,0,0
BRDA:62,4,1,0
BRDA:62,5,0,0
BRDA:62,5,1,0
BRDA:66,6,0,0
BRDA:66,6,1,0
BRDA:71,7,0,0
BRDA:71,7,1,0
BRDA:83,8,0,0
BRDA:83,8,1,0
BRDA:98,9,0,0
BRDA:98,9,1,0
BRDA:103,10,0,0
BRDA:103,10,1,0
BRDA:115,11,0,0
BRDA:115,11,1,0
BRDA:119,12,0,0
BRDA:119,12,1,0
BRDA:119,13,0,0
BRDA:119,13,1,0
BRDA:122,14,0,0
BRDA:122,14,1,0
BRDA:137,15,0,0
BRDA:137,15,1,0
BRDA:153,16,0,0
BRDA:153,16,1,0
BRDA:156,17,0,0
BRDA:156,17,1,0
BRDA:166,18,0,0
BRDA:166,18,1,0
BRF:38
BRH:0
end_of_record
TN:
SF:src\hooks\useCFWorkoutScores.ts
FN:30,(anonymous_0)
FN:37,(anonymous_1)
FN:46,(anonymous_2)
FN:58,useCFWorkoutScores
FN:65,(anonymous_4)
FN:94,(anonymous_5)
FN:101,(anonymous_6)
FN:106,(anonymous_7)
FN:117,(anonymous_8)
FN:140,(anonymous_9)
FNF:10
FNH:0
FNDA:0,(anonymous_0)
FNDA:0,(anonymous_1)
FNDA:0,(anonymous_2)
FNDA:0,useCFWorkoutScores
FNDA:0,(anonymous_4)
FNDA:0,(anonymous_5)
FNDA:0,(anonymous_6)
FNDA:0,(anonymous_7)
FNDA:0,(anonymous_8)
FNDA:0,(anonymous_9)
DA:30,0
DA:31,0
DA:32,0
DA:33,0
DA:37,0
DA:38,0
DA:39,0
DA:40,0
DA:42,0
DA:46,0
DA:47,0
DA:48,0
DA:49,0
DA:51,0
DA:52,0
DA:53,0
DA:55,0
DA:59,0
DA:60,0
DA:61,0
DA:62,0
DA:65,0
DA:66,0
DA:68,0
DA:69,0
DA:70,0
DA:77,0
DA:79,0
DA:82,0
DA:83,0
DA:84,0
DA:87,0
DA:89,0
DA:94,0
DA:95,0
DA:97,0
DA:99,0
DA:101,0
DA:102,0
DA:104,0
DA:106,0
DA:107,0
DA:108,0
DA:109,0
DA:113,0
DA:117,0
DA:118,0
DA:120,0
DA:121,0
DA:128,0
DA:131,0
DA:133,0
DA:135,0
DA:136,0
DA:140,0
DA:141,0
DA:144,0
LF:57
LH:0
BRDA:39,0,0,0
BRDA:39,0,1,0
BRDA:42,1,0,0
BRDA:42,1,1,0
BRDA:47,2,0,0
BRDA:47,2,1,0
BRDA:48,3,0,0
BRDA:48,3,1,0
BRDA:48,4,0,0
BRDA:48,4,1,0
BRDA:49,5,0,0
BRDA:49,5,1,0
BRDA:51,6,0,0
BRDA:51,6,1,0
BRDA:52,7,0,0
BRDA:52,7,1,0
BRDA:53,8,0,0
BRDA:53,8,1,0
BRDA:66,9,0,0
BRDA:66,9,1,0
BRDA:66,10,0,0
BRDA:66,10,1,0
BRDA:77,11,0,0
BRDA:77,11,1,0
BRDA:79,12,0,0
BRDA:79,12,1,0
BRDA:82,13,0,0
BRDA:82,13,1,0
BRDA:82,14,0,0
BRDA:82,14,1,0
BRDA:95,15,0,0
BRDA:95,15,1,0
BRDA:99,16,0,0
BRDA:99,16,1,0
BRDA:102,17,0,0
BRDA:102,17,1,0
BRDA:102,18,0,0
BRDA:102,18,1,0
BRDA:102,19,0,0
BRDA:102,19,1,0
BRDA:104,20,0,0
BRDA:104,20,1,0
BRDA:107,21,0,0
BRDA:107,21,1,0
BRDA:107,22,0,0
BRDA:107,22,1,0
BRDA:108,23,0,0
BRDA:108,23,1,0
BRDA:108,24,0,0
BRDA:108,24,1,0
BRDA:109,25,0,0
BRDA:109,25,1,0
BRDA:118,26,0,0
BRDA:118,26,1,0
BRDA:128,27,0,0
BRDA:128,27,1,0
BRF:56
BRH:0
end_of_record
TN:
SF:src\hooks\useCrew.ts
FN:15,useCrew
FN:22,(anonymous_1)
FN:36,(anonymous_2)
FN:51,(anonymous_3)
FN:57,(anonymous_4)
FN:101,(anonymous_5)
FN:122,(anonymous_6)
FN:139,(anonymous_7)
FN:156,(anonymous_8)
FN:170,(anonymous_9)
FNF:10
FNH:0
FNDA:0,useCrew
FNDA:0,(anonymous_1)
FNDA:0,(anonymous_2)
FNDA:0,(anonymous_3)
FNDA:0,(anonymous_4)
FNDA:0,(anonymous_5)
FNDA:0,(anonymous_6)
FNDA:0,(anonymous_7)
FNDA:0,(anonymous_8)
FNDA:0,(anonymous_9)
DA:16,0
DA:17,0
DA:18,0
DA:19,0
DA:20,0
DA:22,0
DA:23,0
DA:24,0
DA:25,0
DA:27,0
DA:32,0
DA:35,0
DA:36,0
DA:37,0
DA:38,0
DA:42,0
DA:47,0
DA:50,0
DA:51,0
DA:53,0
DA:54,0
DA:55,0
DA:57,0
DA:58,0
DA:60,0
DA:61,0
DA:64,0
DA:66,0
DA:76,0
DA:77,0
DA:78,0
DA:79,0
DA:80,0
DA:81,0
DA:82,0
DA:84,0
DA:85,0
DA:90,0
DA:91,0
DA:92,0
DA:94,0
DA:96,0
DA:101,0
DA:102,0
DA:103,0
DA:104,0
DA:112,0
DA:113,0
DA:114,0
DA:116,0
DA:117,0
DA:122,0
DA:123,0
DA:124,0
DA:129,0
DA:130,0
DA:131,0
DA:133,0
DA:134,0
DA:139,0
DA:140,0
DA:141,0
DA:146,0
DA:147,0
DA:148,0
DA:150,0
DA:151,0
DA:156,0
DA:157,0
DA:158,0
DA:159,0
DA:162,0
DA:163,0
DA:165,0
DA:166,0
DA:170,0
DA:171,0
DA:174,0
LF:78
LH:0
BRDA:23,0,0,0
BRDA:23,0,1,0
BRDA:32,1,0,0
BRDA:32,1,1,0
BRDA:37,2,0,0
BRDA:37,2,1,0
BRDA:38,3,0,0
BRDA:38,3,1,0
BRDA:47,4,0,0
BRDA:47,4,1,0
BRDA:60,5,0,0
BRDA:60,5,1,0
BRDA:64,6,0,0
BRDA:64,6,1,0
BRDA:76,7,0,0
BRDA:76,7,1,0
BRDA:79,8,0,0
BRDA:79,8,1,0
BRDA:80,9,0,0
BRDA:80,9,1,0
BRDA:102,10,0,0
BRDA:102,10,1,0
BRDA:112,11,0,0
BRDA:112,11,1,0
BRDA:129,12,0,0
BRDA:129,12,1,0
BRDA:146,13,0,0
BRDA:146,13,1,0
BRDA:157,14,0,0
BRDA:157,14,1,0
BRDA:157,15,0,0
BRDA:157,15,1,0
BRDA:162,16,0,0
BRDA:162,16,1,0
BRDA:163,17,0,0
BRDA:163,17,1,0
BRF:36
BRH:0
end_of_record
TN:
SF:src\hooks\useEventWorkouts.ts
FN:40,useEventWorkouts
FN:46,(anonymous_1)
FN:80,(anonymous_2)
FN:95,(anonymous_3)
FN:103,(anonymous_4)
FN:125,(anonymous_5)
FN:147,(anonymous_6)
FN:163,(anonymous_7)
FN:184,(anonymous_8)
FN:198,(anonymous_9)
FN:218,(anonymous_10)
FN:225,(anonymous_11)
FN:233,(anonymous_12)
FN:234,(anonymous_13)
FN:249,(anonymous_14)
FN:253,(anonymous_15)
FNF:16
FNH:0
FNDA:0,useEventWorkouts
FNDA:0,(anonymous_1)
FNDA:0,(anonymous_2)
FNDA:0,(anonymous_3)
FNDA:0,(anonymous_4)
FNDA:0,(anonymous_5)
FNDA:0,(anonymous_6)
FNDA:0,(anonymous_7)
FNDA:0,(anonymous_8)
FNDA:0,(anonymous_9)
FNDA:0,(anonymous_10)
FNDA:0,(anonymous_11)
FNDA:0,(anonymous_12)
FNDA:0,(anonymous_13)
FNDA:0,(anonymous_14)
FNDA:0,(anonymous_15)
DA:41,0
DA:42,0
DA:43,0
DA:46,0
DA:49,0
DA:51,0
DA:52,0
DA:53,0
DA:55,0
DA:67,0
DA:69,0
DA:71,0
DA:72,0
DA:73,0
DA:75,0
DA:80,0
DA:81,0
DA:83,0
DA:84,0
DA:92,0
DA:95,0
DA:97,0
DA:98,0
DA:103,0
DA:106,0
DA:108,0
DA:109,0
DA:116,0
DA:117,0
DA:119,0
DA:120,0
DA:125,0
DA:128,0
DA:129,0
DA:138,0
DA:139,0
DA:141,0
DA:142,0
DA:147,0
DA:150,0
DA:151,0
DA:154,0
DA:155,0
DA:157,0
DA:158,0
DA:163,0
DA:166,0
DA:168,0
DA:169,0
DA:175,0
DA:176,0
DA:178,0
DA:179,0
DA:184,0
DA:187,0
DA:189,0
DA:191,0
DA:196,0
DA:198,0
DA:201,0
DA:207,0
DA:210,0
DA:215,0
DA:218,0
DA:219,0
DA:225,0
DA:228,0
DA:229,0
DA:230,0
DA:232,0
DA:234,0
DA:235,0
DA:237,0
DA:238,0
DA:239,0
DA:241,0
DA:250,0
DA:251,0
DA:253,0
DA:255,0
DA:257,0
DA:258,0
DA:262,0
DA:276,0
LF:84
LH:0
BRDA:49,0,0,0
BRDA:49,0,1,0
BRDA:67,1,0,0
BRDA:67,1,1,0
BRDA:81,2,0,0
BRDA:81,2,1,0
BRDA:92,3,0,0
BRDA:92,3,1,0
BRDA:95,4,0,0
BRDA:95,4,1,0
BRDA:106,5,0,0
BRDA:106,5,1,0
BRDA:116,6,0,0
BRDA:116,6,1,0
BRDA:116,7,0,0
BRDA:116,7,1,0
BRDA:138,8,0,0
BRDA:138,8,1,0
BRDA:139,9,0,0
BRDA:139,9,1,0
BRDA:154,10,0,0
BRDA:154,10,1,0
BRDA:155,11,0,0
BRDA:155,11,1,0
BRDA:166,12,0,0
BRDA:166,12,1,0
BRDA:175,13,0,0
BRDA:175,13,1,0
BRDA:185,14,0,0
BRDA:187,15,0,0
BRDA:187,15,1,0
BRDA:196,16,0,0
BRDA:196,16,1,0
BRDA:196,17,0,0
BRDA:196,17,1,0
BRDA:207,18,0,0
BRDA:207,18,1,0
BRDA:215,19,0,0
BRDA:215,19,1,0
BRDA:225,20,0,0
BRDA:225,20,1,0
BRDA:235,21,0,0
BRDA:235,21,1,0
BRDA:250,22,0,0
BRDA:250,22,1,0
BRDA:251,23,0,0
BRDA:251,23,1,0
BRDA:251,23,2,0
BRF:48
BRH:0
end_of_record
TN:
SF:src\hooks\useExercises.ts
FN:10,useExercises
FN:17,(anonymous_1)
FN:18,(anonymous_2)
FN:36,(anonymous_3)
FN:51,(anonymous_4)
FN:88,(anonymous_5)
FN:90,(anonymous_6)
FN:99,(anonymous_7)
FN:105,(anonymous_8)
FN:121,(anonymous_9)
FN:135,(anonymous_10)
FN:146,(anonymous_11)
FN:159,(anonymous_12)
FN:168,(anonymous_13)
FN:181,(anonymous_14)
FN:212,(anonymous_15)
FN:214,(anonymous_16)
FN:235,(anonymous_17)
FN:239,(anonymous_18)
FN:245,(anonymous_19)
FN:246,(anonymous_20)
FN:249,(anonymous_21)
FN:250,(anonymous_22)
FN:255,(anonymous_23)
FN:260,(anonymous_24)
FNF:25
FNH:0
FNDA:0,useExercises
FNDA:0,(anonymous_1)
FNDA:0,(anonymous_2)
FNDA:0,(anonymous_3)
FNDA:0,(anonymous_4)
FNDA:0,(anonymous_5)
FNDA:0,(anonymous_6)
FNDA:0,(anonymous_7)
FNDA:0,(anonymous_8)
FNDA:0,(anonymous_9)
FNDA:0,(anonymous_10)
FNDA:0,(anonymous_11)
FNDA:0,(anonymous_12)
FNDA:0,(anonymous_13)
FNDA:0,(anonymous_14)
FNDA:0,(anonymous_15)
FNDA:0,(anonymous_16)
FNDA:0,(anonymous_17)
FNDA:0,(anonymous_18)
FNDA:0,(anonymous_19)
FNDA:0,(anonymous_20)
FNDA:0,(anonymous_21)
FNDA:0,(anonymous_22)
FNDA:0,(anonymous_23)
FNDA:0,(anonymous_24)
DA:6,0
DA:7,0
DA:8,0
DA:11,0
DA:12,0
DA:13,0
DA:14,0
DA:17,0
DA:18,0
DA:19,0
DA:20,0
DA:21,0
DA:22,0
DA:23,0
DA:24,0
DA:25,0
DA:29,0
DA:33,0
DA:36,0
DA:37,0
DA:38,0
DA:39,0
DA:41,0
DA:42,0
DA:43,0
DA:45,0
DA:47,0
DA:51,0
DA:52,0
DA:54,0
DA:55,0
DA:56,0
DA:57,0
DA:58,0
DA:62,0
DA:64,0
DA:69,0
DA:71,0
DA:72,0
DA:75,0
DA:76,0
DA:77,0
DA:80,0
DA:81,0
DA:83,0
DA:88,0
DA:89,0
DA:90,0
DA:91,0
DA:92,0
DA:93,0
DA:95,0
DA:98,0
DA:99,0
DA:100,0
DA:102,0
DA:105,0
DA:106,0
DA:107,0
DA:119,0
DA:121,0
DA:122,0
DA:125,0
DA:126,0
DA:128,0
DA:130,0
DA:131,0
DA:135,0
DA:136,0
DA:137,0
DA:144,0
DA:146,0
DA:147,0
DA:150,0
DA:152,0
DA:154,0
DA:155,0
DA:159,0
DA:160,0
DA:161,0
DA:166,0
DA:168,0
DA:169,0
DA:172,0
DA:174,0
DA:176,0
DA:177,0
DA:181,0
DA:182,0
DA:183,0
DA:204,0
DA:205,0
DA:207,0
DA:208,0
DA:212,0
DA:214,0
DA:215,0
DA:216,0
DA:220,0
DA:221,0
DA:227,0
DA:228,0
DA:230,0
DA:231,0
DA:235,0
DA:236,0
DA:237,0
DA:238,0
DA:240,0
DA:245,0
DA:246,0
DA:249,0
DA:250,0
DA:251,0
DA:255,0
DA:256,0
DA:257,0
DA:260,0
DA:261,0
DA:264,0
LF:120
LH:0
BRDA:21,0,0,0
BRDA:21,0,1,0
BRDA:23,1,0,0
BRDA:23,1,1,0
BRDA:23,2,0,0
BRDA:23,2,1,0
BRDA:39,3,0,0
BRDA:39,3,1,0
BRDA:51,4,0,0
BRDA:54,5,0,0
BRDA:54,5,1,0
BRDA:56,6,0,0
BRDA:56,6,1,0
BRDA:56,7,0,0
BRDA:56,7,1,0
BRDA:69,8,0,0
BRDA:69,8,1,0
BRDA:71,9,0,0
BRDA:71,9,1,0
BRDA:75,10,0,0
BRDA:75,10,1,0
BRDA:75,11,0,0
BRDA:75,11,1,0
BRDA:91,12,0,0
BRDA:91,12,1,0
BRDA:92,13,0,0
BRDA:92,13,1,0
BRDA:112,14,0,0
BRDA:112,14,1,0
BRDA:119,15,0,0
BRDA:119,15,1,0
BRDA:144,16,0,0
BRDA:144,16,1,0
BRDA:146,17,0,0
BRDA:146,17,1,0
BRDA:166,18,0,0
BRDA:166,18,1,0
BRDA:181,19,0,0
BRDA:204,20,0,0
BRDA:204,20,1,0
BRDA:215,21,0,0
BRDA:215,21,1,0
BRDA:227,22,0,0
BRDA:227,22,1,0
BRDA:236,23,0,0
BRDA:236,23,1,0
BRDA:240,24,0,0
BRDA:240,24,1,0
BRF:48
BRH:0
end_of_record
TN:
SF:src\hooks\useGoogleCalendarSync.ts
FN:27,useGoogleCalendarSync
FN:34,(anonymous_1)
FN:53,(anonymous_2)
FN:59,(anonymous_3)
FN:69,(anonymous_4)
FN:74,(anonymous_5)
FN:107,(anonymous_6)
FN:118,(anonymous_7)
FN:136,(anonymous_8)
FN:146,(anonymous_9)
FN:188,(anonymous_10)
FN:208,(anonymous_11)
FN:214,(anonymous_12)
FN:219,(anonymous_13)
FN:235,(anonymous_14)
FN:271,(anonymous_15)
FN:302,(anonymous_16)
FN:315,(anonymous_17)
FNF:18
FNH:0
FNDA:0,useGoogleCalendarSync
FNDA:0,(anonymous_1)
FNDA:0,(anonymous_2)
FNDA:0,(anonymous_3)
FNDA:0,(anonymous_4)
FNDA:0,(anonymous_5)
FNDA:0,(anonymous_6)
FNDA:0,(anonymous_7)
FNDA:0,(anonymous_8)
FNDA:0,(anonymous_9)
FNDA:0,(anonymous_10)
FNDA:0,(anonymous_11)
FNDA:0,(anonymous_12)
FNDA:0,(anonymous_13)
FNDA:0,(anonymous_14)
FNDA:0,(anonymous_15)
FNDA:0,(anonymous_16)
FNDA:0,(anonymous_17)
DA:28,0
DA:29,0
DA:30,0
DA:31,0
DA:34,0
DA:35,0
DA:36,0
DA:37,0
DA:38,0
DA:43,0
DA:45,0
DA:47,0
DA:48,0
DA:53,0
DA:54,0
DA:55,0
DA:58,0
DA:59,0
DA:62,0
DA:63,0
DA:67,0
DA:68,0
DA:69,0
DA:72,0
DA:74,0
DA:75,0
DA:76,0
DA:77,0
DA:80,0
DA:90,0
DA:93,0
DA:103,0
DA:106,0
DA:107,0
DA:111,0
DA:113,0
DA:117,0
DA:118,0
DA:121,0
DA:122,0
DA:132,0
DA:136,0
DA:137,0
DA:140,0
DA:141,0
DA:146,0
DA:147,0
DA:148,0
DA:156,0
DA:157,0
DA:163,0
DA:164,0
DA:167,0
DA:174,0
DA:175,0
DA:177,0
DA:178,0
DA:188,0
DA:189,0
DA:191,0
DA:192,0
DA:199,0
DA:200,0
DA:203,0
DA:208,0
DA:209,0
DA:211,0
DA:212,0
DA:214,0
DA:215,0
DA:216,0
DA:218,0
DA:219,0
DA:220,0
DA:221,0
DA:222,0
DA:225,0
DA:230,0
DA:231,0
DA:235,0
DA:242,0
DA:243,0
DA:244,0
DA:247,0
DA:248,0
DA:249,0
DA:251,0
DA:252,0
DA:254,0
DA:263,0
DA:265,0
DA:266,0
DA:271,0
DA:276,0
DA:277,0
DA:279,0
DA:281,0
DA:283,0
DA:284,0
DA:285,0
DA:286,0
DA:290,0
DA:291,0
DA:292,0
DA:293,0
DA:294,0
DA:298,0
DA:299,0
DA:302,0
DA:303,0
DA:304,0
DA:307,0
DA:308,0
DA:309,0
DA:310,0
DA:314,0
DA:315,0
DA:316,0
DA:317,0
DA:319,0
DA:323,0
DA:324,0
DA:326,0
DA:327,0
DA:329,0
DA:330,0
DA:331,0
DA:334,0
DA:335,0
DA:336,0
DA:339,0
DA:340,0
DA:341,0
DA:345,0
DA:353,0
DA:354,0
DA:355,0
DA:357,0
DA:363,0
DA:371,0
DA:372,0
DA:374,0
DA:375,0
DA:378,0
DA:381,0
LF:145
LH:0
BRDA:37,0,0,0
BRDA:37,0,1,0
BRDA:59,1,0,0
BRDA:59,1,1,0
BRDA:62,2,0,0
BRDA:62,2,1,0
BRDA:67,3,0,0
BRDA:67,3,1,0
BRDA:69,4,0,0
BRDA:69,4,1,0
BRDA:72,5,0,0
BRDA:72,5,1,0
BRDA:75,6,0,0
BRDA:75,6,1,0
BRDA:107,7,0,0
BRDA:107,7,1,0
BRDA:111,8,0,0
BRDA:111,8,1,0
BRDA:118,9,0,0
BRDA:118,9,1,0
BRDA:121,10,0,0
BRDA:121,10,1,0
BRDA:137,11,0,0
BRDA:137,11,1,0
BRDA:147,12,0,0
BRDA:147,12,1,0
BRDA:163,13,0,0
BRDA:163,13,1,0
BRDA:163,14,0,0
BRDA:163,14,1,0
BRDA:168,15,0,0
BRDA:168,15,1,0
BRDA:169,16,0,0
BRDA:169,16,1,0
BRDA:170,17,0,0
BRDA:170,17,1,0
BRDA:171,18,0,0
BRDA:171,18,1,0
BRDA:189,19,0,0
BRDA:189,19,1,0
BRDA:199,20,0,0
BRDA:199,20,1,0
BRDA:211,21,0,0
BRDA:211,21,1,0
BRDA:211,22,0,0
BRDA:211,22,1,0
BRDA:215,23,0,0
BRDA:215,23,1,0
BRDA:218,24,0,0
BRDA:218,24,1,0
BRDA:218,25,0,0
BRDA:218,25,1,0
BRDA:220,26,0,0
BRDA:220,26,1,0
BRDA:221,27,0,0
BRDA:221,27,1,0
BRDA:240,28,0,0
BRDA:284,29,0,0
BRDA:284,29,1,0
BRDA:291,30,0,0
BRDA:291,30,1,0
BRDA:299,31,0,0
BRDA:299,31,1,0
BRDA:304,32,0,0
BRDA:304,32,1,0
BRDA:307,33,0,0
BRDA:307,33,1,0
BRDA:316,34,0,0
BRDA:316,34,1,0
BRDA:339,35,0,0
BRDA:339,35,1,0
BRDA:353,36,0,0
BRDA:353,36,1,0
BRF:73
BRH:0
end_of_record
TN:
SF:src\hooks\useSets.ts
FN:3,useSets
FN:4,(anonymous_1)
FN:25,(anonymous_2)
FN:42,(anonymous_3)
FN:54,(anonymous_4)
FN:81,(anonymous_5)
FNF:6
FNH:0
FNDA:0,useSets
FNDA:0,(anonymous_1)
FNDA:0,(anonymous_2)
FNDA:0,(anonymous_3)
FNDA:0,(anonymous_4)
FNDA:0,(anonymous_5)
DA:4,0
DA:5,0
DA:6,0
DA:17,0
DA:18,0
DA:20,0
DA:21,0
DA:25,0
DA:26,0
DA:27,0
DA:34,0
DA:35,0
DA:37,0
DA:38,0
DA:42,0
DA:43,0
DA:44,0
DA:46,0
DA:47,0
DA:49,0
DA:50,0
DA:54,0
DA:55,0
DA:56,0
DA:60,0
DA:61,0
DA:63,0
DA:66,0
DA:73,0
DA:74,0
DA:76,0
DA:77,0
DA:81,0
DA:82,0
DA:83,0
DA:90,0
DA:92,0
DA:93,0
DA:95,0
DA:96,0
DA:100,0
LF:41
LH:0
BRDA:4,0,0,0
BRDA:4,1,0,0
BRDA:17,2,0,0
BRDA:17,2,1,0
BRDA:34,3,0,0
BRDA:34,3,1,0
BRDA:46,4,0,0
BRDA:46,4,1,0
BRDA:60,5,0,0
BRDA:60,5,1,0
BRDA:73,6,0,0
BRDA:73,6,1,0
BRDA:85,7,0,0
BRDA:85,7,1,0
BRDA:86,8,0,0
BRDA:86,8,1,0
BRDA:92,9,0,0
BRDA:92,9,1,0
BRF:18
BRH:0
end_of_record
TN:
SF:src\hooks\useSquad.ts
FN:15,useSquad
FN:22,(anonymous_1)
FN:36,(anonymous_2)
FN:51,(anonymous_3)
FN:57,(anonymous_4)
FN:101,(anonymous_5)
FN:122,(anonymous_6)
FN:139,(anonymous_7)
FN:156,(anonymous_8)
FN:170,(anonymous_9)
FNF:10
FNH:0
FNDA:0,useSquad
FNDA:0,(anonymous_1)
FNDA:0,(anonymous_2)
FNDA:0,(anonymous_3)
FNDA:0,(anonymous_4)
FNDA:0,(anonymous_5)
FNDA:0,(anonymous_6)
FNDA:0,(anonymous_7)
FNDA:0,(anonymous_8)
FNDA:0,(anonymous_9)
DA:16,0
DA:17,0
DA:18,0
DA:19,0
DA:20,0
DA:22,0
DA:23,0
DA:24,0
DA:25,0
DA:27,0
DA:32,0
DA:35,0
DA:36,0
DA:37,0
DA:38,0
DA:42,0
DA:47,0
DA:50,0
DA:51,0
DA:53,0
DA:54,0
DA:55,0
DA:57,0
DA:58,0
DA:60,0
DA:61,0
DA:64,0
DA:66,0
DA:76,0
DA:77,0
DA:78,0
DA:79,0
DA:80,0
DA:81,0
DA:82,0
DA:84,0
DA:85,0
DA:90,0
DA:91,0
DA:92,0
DA:94,0
DA:96,0
DA:101,0
DA:102,0
DA:103,0
DA:104,0
DA:112,0
DA:113,0
DA:114,0
DA:116,0
DA:117,0
DA:122,0
DA:123,0
DA:124,0
DA:129,0
DA:130,0
DA:131,0
DA:133,0
DA:134,0
DA:139,0
DA:140,0
DA:141,0
DA:146,0
DA:147,0
DA:148,0
DA:150,0
DA:151,0
DA:156,0
DA:157,0
DA:158,0
DA:159,0
DA:162,0
DA:163,0
DA:165,0
DA:166,0
DA:170,0
DA:171,0
DA:174,0
LF:78
LH:0
BRDA:23,0,0,0
BRDA:23,0,1,0
BRDA:32,1,0,0
BRDA:32,1,1,0
BRDA:37,2,0,0
BRDA:37,2,1,0
BRDA:38,3,0,0
BRDA:38,3,1,0
BRDA:47,4,0,0
BRDA:47,4,1,0
BRDA:60,5,0,0
BRDA:60,5,1,0
BRDA:64,6,0,0
BRDA:64,6,1,0
BRDA:76,7,0,0
BRDA:76,7,1,0
BRDA:79,8,0,0
BRDA:79,8,1,0
BRDA:80,9,0,0
BRDA:80,9,1,0
BRDA:102,10,0,0
BRDA:102,10,1,0
BRDA:112,11,0,0
BRDA:112,11,1,0
BRDA:129,12,0,0
BRDA:129,12,1,0
BRDA:146,13,0,0
BRDA:146,13,1,0
BRDA:157,14,0,0
BRDA:157,14,1,0
BRDA:157,15,0,0
BRDA:157,15,1,0
BRDA:162,16,0,0
BRDA:162,16,1,0
BRDA:163,17,0,0
BRDA:163,17,1,0
BRF:36
BRH:0
end_of_record
TN:
SF:src\hooks\useSquadEvents.ts
FN:101,useSquadEvents
FN:110,(anonymous_1)
FN:135,(anonymous_2)
FN:138,(anonymous_3)
FN:144,(anonymous_4)
FN:146,(anonymous_5)
FN:154,(anonymous_6)
FN:158,(anonymous_7)
FN:159,(anonymous_8)
FN:174,(anonymous_9)
FN:189,(anonymous_10)
FN:230,(anonymous_11)
FN:251,(anonymous_12)
FN:284,(anonymous_13)
FN:290,(anonymous_14)
FN:293,(anonymous_15)
FN:320,(anonymous_16)
FN:346,(anonymous_17)
FN:367,(anonymous_18)
FN:398,(anonymous_19)
FN:419,(anonymous_20)
FN:429,(anonymous_21)
FN:435,(anonymous_22)
FN:437,(anonymous_23)
FN:448,(anonymous_24)
FN:476,(anonymous_25)
FN:479,(anonymous_26)
FN:496,(anonymous_27)
FN:516,(anonymous_28)
FN:536,(anonymous_29)
FN:553,(anonymous_30)
FNF:31
FNH:0
FNDA:0,useSquadEvents
FNDA:0,(anonymous_1)
FNDA:0,(anonymous_2)
FNDA:0,(anonymous_3)
FNDA:0,(anonymous_4)
FNDA:0,(anonymous_5)
FNDA:0,(anonymous_6)
FNDA:0,(anonymous_7)
FNDA:0,(anonymous_8)
FNDA:0,(anonymous_9)
FNDA:0,(anonymous_10)
FNDA:0,(anonymous_11)
FNDA:0,(anonymous_12)
FNDA:0,(anonymous_13)
FNDA:0,(anonymous_14)
FNDA:0,(anonymous_15)
FNDA:0,(anonymous_16)
FNDA:0,(anonymous_17)
FNDA:0,(anonymous_18)
FNDA:0,(anonymous_19)
FNDA:0,(anonymous_20)
FNDA:0,(anonymous_21)
FNDA:0,(anonymous_22)
FNDA:0,(anonymous_23)
FNDA:0,(anonymous_24)
FNDA:0,(anonymous_25)
FNDA:0,(anonymous_26)
FNDA:0,(anonymous_27)
FNDA:0,(anonymous_28)
FNDA:0,(anonymous_29)
FNDA:0,(anonymous_30)
DA:102,0
DA:103,0
DA:104,0
DA:105,0
DA:106,0
DA:107,0
DA:110,0
DA:111,0
DA:113,0
DA:114,0
DA:115,0
DA:118,0
DA:127,0
DA:130,0
DA:135,0
DA:138,0
DA:139,0
DA:144,0
DA:146,0
DA:153,0
DA:154,0
DA:157,0
DA:158,0
DA:159,0
DA:161,0
DA:162,0
DA:166,0
DA:167,0
DA:169,0
DA:174,0
DA:175,0
DA:176,0
DA:181,0
DA:182,0
DA:184,0
DA:189,0
DA:190,0
DA:191,0
DA:200,0
DA:203,0
DA:210,0
DA:217,0
DA:224,0
DA:225,0
DA:230,0
DA:234,0
DA:236,0
DA:238,0
DA:247,0
DA:250,0
DA:251,0
DA:257,0
DA:261,0
DA:265,0
DA:274,0
DA:276,0
DA:278,0
DA:279,0
DA:284,0
DA:290,0
DA:291,0
DA:293,0
DA:306,0
DA:320,0
DA:324,0
DA:326,0
DA:327,0
DA:335,0
DA:337,0
DA:338,0
DA:340,0
DA:341,0
DA:346,0
DA:347,0
DA:349,0
DA:350,0
DA:356,0
DA:358,0
DA:359,0
DA:361,0
DA:362,0
DA:367,0
DA:371,0
DA:373,0
DA:374,0
DA:381,0
DA:383,0
DA:384,0
DA:385,0
DA:388,0
DA:389,0
DA:390,0
DA:392,0
DA:393,0
DA:398,0
DA:399,0
DA:401,0
DA:402,0
DA:408,0
DA:410,0
DA:411,0
DA:413,0
DA:414,0
DA:419,0
DA:420,0
DA:421,0
DA:426,0
DA:429,0
DA:430,0
DA:435,0
DA:437,0
DA:442,0
DA:443,0
DA:448,0
DA:449,0
DA:451,0
DA:457,0
DA:459,0
DA:462,0
DA:468,0
DA:471,0
DA:476,0
DA:479,0
DA:480,0
DA:481,0
DA:483,0
DA:490,0
DA:491,0
DA:496,0
DA:500,0
DA:502,0
DA:503,0
DA:509,0
DA:510,0
DA:512,0
DA:516,0
DA:517,0
DA:519,0
DA:520,0
DA:529,0
DA:530,0
DA:532,0
DA:536,0
DA:537,0
DA:539,0
DA:540,0
DA:545,0
DA:546,0
DA:548,0
DA:553,0
DA:554,0
DA:555,0
DA:556,0
DA:560,0
DA:584,0
DA:601,0
DA:611,0
LF:157
LH:0
BRDA:111,0,0,0
BRDA:111,0,1,0
BRDA:127,1,0,0
BRDA:127,1,1,0
BRDA:135,2,0,0
BRDA:135,2,1,0
BRDA:138,3,0,0
BRDA:138,3,1,0
BRDA:144,4,0,0
BRDA:144,4,1,0
BRDA:146,5,0,0
BRDA:146,5,1,0
BRDA:149,6,0,0
BRDA:149,6,1,0
BRDA:154,7,0,0
BRDA:154,7,1,0
BRDA:161,8,0,0
BRDA:161,8,1,0
BRDA:181,9,0,0
BRDA:181,9,1,0
BRDA:182,10,0,0
BRDA:182,10,1,0
BRDA:200,11,0,0
BRDA:200,11,1,0
BRDA:220,12,0,0
BRDA:220,12,1,0
BRDA:234,13,0,0
BRDA:234,13,1,0
BRDA:247,14,0,0
BRDA:247,14,1,0
BRDA:250,15,0,0
BRDA:250,15,1,0
BRDA:250,16,0,0
BRDA:250,16,1,0
BRDA:254,17,0,0
BRDA:254,17,1,0
BRDA:261,18,0,0
BRDA:261,18,1,0
BRDA:288,19,0,0
BRDA:291,20,0,0
BRDA:291,20,1,0
BRDA:302,21,0,0
BRDA:302,21,1,0
BRDA:303,22,0,0
BRDA:303,22,1,0
BRDA:310,23,0,0
BRDA:310,23,1,0
BRDA:322,24,0,0
BRDA:324,25,0,0
BRDA:324,25,1,0
BRDA:335,26,0,0
BRDA:335,26,1,0
BRDA:347,27,0,0
BRDA:347,27,1,0
BRDA:356,28,0,0
BRDA:356,28,1,0
BRDA:371,29,0,0
BRDA:371,29,1,0
BRDA:381,30,0,0
BRDA:381,30,1,0
BRDA:383,31,0,0
BRDA:383,31,1,0
BRDA:383,32,0,0
BRDA:383,32,1,0
BRDA:399,33,0,0
BRDA:399,33,1,0
BRDA:408,34,0,0
BRDA:408,34,1,0
BRDA:426,35,0,0
BRDA:426,35,1,0
BRDA:429,36,0,0
BRDA:429,36,1,0
BRDA:435,37,0,0
BRDA:435,37,1,0
BRDA:437,38,0,0
BRDA:437,38,1,0
BRDA:457,39,0,0
BRDA:457,39,1,0
BRDA:468,40,0,0
BRDA:468,40,1,0
BRDA:476,41,0,0
BRDA:476,41,1,0
BRDA:479,42,0,0
BRDA:479,42,1,0
BRDA:500,43,0,0
BRDA:500,43,1,0
BRDA:509,44,0,0
BRDA:509,44,1,0
BRDA:517,45,0,0
BRDA:517,45,1,0
BRDA:529,46,0,0
BRDA:529,46,1,0
BRDA:537,47,0,0
BRDA:537,47,1,0
BRDA:545,48,0,0
BRDA:545,48,1,0
BRDA:554,49,0,0
BRDA:554,49,1,0
BRF:98
BRH:0
end_of_record
TN:
SF:src\hooks\useWorkouts.ts
FN:6,useWorkouts
FN:12,(anonymous_1)
FN:50,(anonymous_2)
FN:53,(anonymous_3)
FN:68,(anonymous_4)
FN:99,(anonymous_5)
FN:100,(anonymous_6)
FN:103,(anonymous_7)
FN:116,(anonymous_8)
FN:136,(anonymous_9)
FN:137,(anonymous_10)
FN:156,(anonymous_11)
FN:156,(anonymous_12)
FN:161,(anonymous_13)
FN:186,(anonymous_14)
FN:216,(anonymous_15)
FN:216,(anonymous_16)
FN:221,(anonymous_17)
FN:240,(anonymous_18)
FN:243,(anonymous_19)
FN:243,(anonymous_20)
FN:259,(anonymous_21)
FN:261,(anonymous_22)
FN:264,(anonymous_23)
FN:299,(anonymous_24)
FN:300,(anonymous_25)
FN:301,(anonymous_26)
FN:313,(anonymous_27)
FN:320,(anonymous_28)
FN:321,(anonymous_29)
FN:328,(anonymous_30)
FNF:31
FNH:0
FNDA:0,useWorkouts
FNDA:0,(anonymous_1)
FNDA:0,(anonymous_2)
FNDA:0,(anonymous_3)
FNDA:0,(anonymous_4)
FNDA:0,(anonymous_5)
FNDA:0,(anonymous_6)
FNDA:0,(anonymous_7)
FNDA:0,(anonymous_8)
FNDA:0,(anonymous_9)
FNDA:0,(anonymous_10)
FNDA:0,(anonymous_11)
FNDA:0,(anonymous_12)
FNDA:0,(anonymous_13)
FNDA:0,(anonymous_14)
FNDA:0,(anonymous_15)
FNDA:0,(anonymous_16)
FNDA:0,(anonymous_17)
FNDA:0,(anonymous_18)
FNDA:0,(anonymous_19)
FNDA:0,(anonymous_20)
FNDA:0,(anonymous_21)
FNDA:0,(anonymous_22)
FNDA:0,(anonymous_23)
FNDA:0,(anonymous_24)
FNDA:0,(anonymous_25)
FNDA:0,(anonymous_26)
FNDA:0,(anonymous_27)
FNDA:0,(anonymous_28)
FNDA:0,(anonymous_29)
FNDA:0,(anonymous_30)
DA:7,0
DA:8,0
DA:9,0
DA:10,0
DA:12,0
DA:13,0
DA:14,0
DA:15,0
DA:18,0
DA:19,0
DA:21,0
DA:38,0
DA:39,0
DA:41,0
DA:42,0
DA:45,0
DA:47,0
DA:50,0
DA:53,0
DA:57,0
DA:58,0
DA:60,0
DA:61,0
DA:62,0
DA:64,0
DA:68,0
DA:69,0
DA:70,0
DA:95,0
DA:97,0
DA:98,0
DA:99,0
DA:100,0
DA:104,0
DA:109,0
DA:111,0
DA:112,0
DA:116,0
DA:121,0
DA:124,0
DA:125,0
DA:136,0
DA:137,0
DA:140,0
DA:141,0
DA:153,0
DA:156,0
DA:157,0
DA:160,0
DA:161,0
DA:167,0
DA:171,0
DA:173,0
DA:174,0
DA:175,0
DA:182,0
DA:183,0
DA:185,0
DA:186,0
DA:187,0
DA:195,0
DA:196,0
DA:207,0
DA:208,0
DA:212,0
DA:214,0
DA:216,0
DA:217,0
DA:221,0
DA:222,0
DA:223,0
DA:230,0
DA:232,0
DA:233,0
DA:235,0
DA:236,0
DA:240,0
DA:242,0
DA:243,0
DA:245,0
DA:246,0
DA:248,0
DA:250,0
DA:252,0
DA:254,0
DA:255,0
DA:259,0
DA:260,0
DA:261,0
DA:264,0
DA:265,0
DA:267,0
DA:272,0
DA:274,0
DA:296,0
DA:299,0
DA:300,0
DA:301,0
DA:303,0
DA:306,0
DA:308,0
DA:309,0
DA:313,0
DA:314,0
DA:315,0
DA:320,0
DA:321,0
DA:322,0
DA:323,0
DA:327,0
DA:328,0
DA:331,0
LF:112
LH:0
BRDA:13,0,0,0
BRDA:13,0,1,0
BRDA:38,1,0,0
BRDA:38,1,1,0
BRDA:41,2,0,0
BRDA:41,2,1,0
BRDA:47,3,0,0
BRDA:47,3,1,0
BRDA:57,4,0,0
BRDA:57,4,1,0
BRDA:95,5,0,0
BRDA:95,5,1,0
BRDA:97,6,0,0
BRDA:97,6,1,0
BRDA:119,7,0,0
BRDA:121,8,0,0
BRDA:121,8,1,0
BRDA:130,9,0,0
BRDA:130,9,1,0
BRDA:131,10,0,0
BRDA:131,10,1,0
BRDA:147,11,0,0
BRDA:147,11,1,0
BRDA:148,12,0,0
BRDA:148,12,1,0
BRDA:153,13,0,0
BRDA:153,13,1,0
BRDA:157,14,0,0
BRDA:157,14,1,0
BRDA:160,15,0,0
BRDA:160,15,1,0
BRDA:160,16,0,0
BRDA:160,16,1,0
BRDA:171,17,0,0
BRDA:171,17,1,0
BRDA:182,18,0,0
BRDA:182,18,1,0
BRDA:185,19,0,0
BRDA:185,19,1,0
BRDA:185,20,0,0
BRDA:185,20,1,0
BRDA:207,21,0,0
BRDA:207,21,1,0
BRDA:230,22,0,0
BRDA:230,22,1,0
BRDA:248,23,0,0
BRDA:248,23,1,0
BRDA:264,24,0,0
BRDA:265,25,0,0
BRDA:265,25,1,0
BRDA:296,26,0,0
BRDA:296,26,1,0
BRDA:306,27,0,0
BRDA:306,27,1,0
BRDA:314,28,0,0
BRDA:314,28,1,0
BRDA:322,29,0,0
BRDA:322,29,1,0
BRDA:322,30,0,0
BRDA:322,30,1,0
BRF:60
BRH:0
end_of_record
TN:
SF:src\lib\geminiClient.ts
FNF:0
FNH:0
DA:4,0
DA:7,0
DA:8,0
DA:9,0
DA:12,0
DA:14,0
DA:22,0
LF:7
LH:0
BRDA:7,0,0,0
BRDA:7,0,1,0
BRDA:12,1,0,0
BRDA:12,1,1,0
BRF:4
BRH:0
end_of_record
TN:
SF:src\lib\supabaseClient.ts
FN:7,(anonymous_0)
FN:15,(anonymous_1)
FN:22,(anonymous_2)
FNF:3
FNH:0
FNDA:0,(anonymous_0)
FNDA:0,(anonymous_1)
FNDA:0,(anonymous_2)
DA:6,0
DA:8,0
DA:9,0
DA:11,0
DA:12,0
DA:16,0
DA:17,0
DA:19,0
DA:23,0
DA:24,0
DA:26,0
DA:32,0
DA:33,0
DA:35,0
DA:36,0
DA:41,0
LF:16
LH:0
BRDA:32,0,0,0
BRDA:32,0,1,0
BRDA:33,1,0,0
BRDA:33,1,1,0
BRDA:35,2,0,0
BRDA:35,2,1,0
BRDA:35,3,0,0
BRDA:35,3,1,0
BRF:8
BRH:0
end_of_record
TN:
SF:src\screens\ActiveWorkoutScreen.tsx
FN:33,ActiveWorkoutScreen
FN:58,(anonymous_1)
FN:60,(anonymous_2)
FN:66,(anonymous_3)
FN:70,(anonymous_4)
FN:109,(anonymous_5)
FN:110,(anonymous_6)
FN:111,(anonymous_7)
FN:124,(anonymous_8)
FN:130,(anonymous_9)
FN:131,(anonymous_10)
FN:136,(anonymous_11)
FN:138,(anonymous_12)
FN:147,(anonymous_13)
FN:148,(anonymous_14)
FN:153,(anonymous_15)
FN:167,(anonymous_16)
FN:168,(anonymous_17)
FN:173,(anonymous_18)
FN:175,(anonymous_19)
FN:181,(anonymous_20)
FN:184,(anonymous_21)
FN:223,(anonymous_22)
FN:239,(anonymous_23)
FN:272,(anonymous_24)
FN:274,(anonymous_25)
FN:278,(anonymous_26)
FN:282,(anonymous_27)
FN:293,(anonymous_28)
FN:314,(anonymous_29)
FN:320,(anonymous_30)
FN:341,(anonymous_31)
FN:348,(anonymous_32)
FN:379,(anonymous_33)
FN:410,(anonymous_34)
FN:424,(anonymous_35)
FN:477,(anonymous_36)
FN:494,(anonymous_37)
FN:533,(anonymous_38)
FN:550,(anonymous_39)
FN:561,(anonymous_40)
FN:565,(anonymous_41)
FN:596,(anonymous_42)
FN:610,(anonymous_43)
FN:619,(anonymous_44)
FN:620,(anonymous_45)
FN:625,(anonymous_46)
FN:639,(anonymous_47)
FNF:48
FNH:0
FNDA:0,ActiveWorkoutScreen
FNDA:0,(anonymous_1)
FNDA:0,(anonymous_2)
FNDA:0,(anonymous_3)
FNDA:0,(anonymous_4)
FNDA:0,(anonymous_5)
FNDA:0,(anonymous_6)
FNDA:0,(anonymous_7)
FNDA:0,(anonymous_8)
FNDA:0,(anonymous_9)
FNDA:0,(anonymous_10)
FNDA:0,(anonymous_11)
FNDA:0,(anonymous_12)
FNDA:0,(anonymous_13)
FNDA:0,(anonymous_14)
FNDA:0,(anonymous_15)
FNDA:0,(anonymous_16)
FNDA:0,(anonymous_17)
FNDA:0,(anonymous_18)
FNDA:0,(anonymous_19)
FNDA:0,(anonymous_20)
FNDA:0,(anonymous_21)
FNDA:0,(anonymous_22)
FNDA:0,(anonymous_23)
FNDA:0,(anonymous_24)
FNDA:0,(anonymous_25)
FNDA:0,(anonymous_26)
FNDA:0,(anonymous_27)
FNDA:0,(anonymous_28)
FNDA:0,(anonymous_29)
FNDA:0,(anonymous_30)
FNDA:0,(anonymous_31)
FNDA:0,(anonymous_32)
FNDA:0,(anonymous_33)
FNDA:0,(anonymous_34)
FNDA:0,(anonymous_35)
FNDA:0,(anonymous_36)
FNDA:0,(anonymous_37)
FNDA:0,(anonymous_38)
FNDA:0,(anonymous_39)
FNDA:0,(anonymous_40)
FNDA:0,(anonymous_41)
FNDA:0,(anonymous_42)
FNDA:0,(anonymous_43)
FNDA:0,(anonymous_44)
FNDA:0,(anonymous_45)
FNDA:0,(anonymous_46)
FNDA:0,(anonymous_47)
DA:34,0
DA:35,0
DA:36,0
DA:37,0
DA:38,0
DA:39,0
DA:41,0
DA:42,0
DA:43,0
DA:44,0
DA:45,0
DA:46,0
DA:49,0
DA:50,0
DA:51,0
DA:52,0
DA:53,0
DA:54,0
DA:55,0
DA:58,0
DA:59,0
DA:60,0
DA:61,0
DA:66,0
DA:67,0
DA:70,0
DA:71,0
DA:72,0
DA:73,0
DA:76,0
DA:78,0
DA:79,0
DA:104,0
DA:105,0
DA:106,0
DA:107,0
DA:109,0
DA:110,0
DA:111,0
DA:113,0
DA:116,0
DA:117,0
DA:120,0
DA:124,0
DA:125,0
DA:130,0
DA:131,0
DA:132,0
DA:134,0
DA:136,0
DA:139,0
DA:147,0
DA:148,0
DA:149,0
DA:151,0
DA:154,0
DA:155,0
DA:160,0
DA:167,0
DA:168,0
DA:169,0
DA:171,0
DA:173,0
DA:175,0
DA:181,0
DA:182,0
DA:183,0
DA:184,0
DA:187,0
DA:202,0
DA:205,0
DA:206,0
DA:217,0
DA:218,0
DA:223,0
DA:228,0
DA:229,0
DA:230,0
DA:232,0
DA:233,0
DA:235,0
DA:239,0
DA:240,0
DA:241,0
DA:242,0
DA:245,0
DA:246,0
DA:247,0
DA:253,0
DA:255,0
DA:256,0
DA:257,0
DA:259,0
DA:260,0
DA:261,0
DA:262,0
DA:265,0
DA:266,0
DA:268,0
DA:272,0
DA:273,0
DA:274,0
DA:277,0
DA:278,0
DA:279,0
DA:280,0
DA:282,0
DA:283,0
DA:286,0
DA:287,0
DA:289,0
DA:293,0
DA:294,0
DA:297,0
DA:303,0
DA:304,0
DA:305,0
DA:306,0
DA:307,0
DA:308,0
DA:309,0
DA:314,0
DA:315,0
DA:320,0
DA:321,0
DA:326,0
DA:331,0
DA:332,0
DA:334,0
DA:337,0
DA:341,0
DA:342,0
DA:344,0
DA:345,0
DA:348,0
DA:349,0
DA:350,0
DA:357,0
DA:358,0
DA:370,0
DA:371,0
DA:379,0
DA:388,0
DA:411,0
DA:425,0
DA:426,0
DA:477,0
DA:494,0
DA:533,0
DA:550,0
DA:562,0
DA:565,0
DA:596,0
DA:610,0
DA:619,0
DA:620,0
DA:625,0
DA:639,0
DA:650,0
LF:159
LH:0
BRDA:71,0,0,0
BRDA:71,0,1,0
BRDA:104,1,0,0
BRDA:104,1,1,0
BRDA:107,2,0,0
BRDA:107,2,1,0
BRDA:125,3,0,0
BRDA:125,3,1,0
BRDA:132,4,0,0
BRDA:132,4,1,0
BRDA:139,5,0,0
BRDA:139,5,1,0
BRDA:149,6,0,0
BRDA:149,6,1,0
BRDA:154,7,0,0
BRDA:154,7,1,0
BRDA:157,8,0,0
BRDA:157,8,1,0
BRDA:169,9,0,0
BRDA:169,9,1,0
BRDA:184,10,0,0
BRDA:184,10,1,0
BRDA:202,11,0,0
BRDA:202,11,1,0
BRDA:205,12,0,0
BRDA:205,12,1,0
BRDA:217,13,0,0
BRDA:217,13,1,0
BRDA:217,14,0,0
BRDA:217,14,1,0
BRDA:225,15,0,0
BRDA:225,15,1,0
BRDA:240,16,0,0
BRDA:240,16,1,0
BRDA:240,17,0,0
BRDA:240,17,1,0
BRDA:250,18,0,0
BRDA:250,18,1,0
BRDA:253,19,0,0
BRDA:253,19,1,0
BRDA:255,20,0,0
BRDA:255,20,1,0
BRDA:273,21,0,0
BRDA:273,21,1,0
BRDA:274,22,0,0
BRDA:274,22,1,0
BRDA:280,23,0,0
BRDA:280,23,1,0
BRDA:286,24,0,0
BRDA:286,24,1,0
BRDA:303,25,0,0
BRDA:303,25,1,0
BRDA:306,26,0,0
BRDA:306,26,1,0
BRDA:314,27,0,0
BRDA:314,27,1,0
BRDA:314,28,0,0
BRDA:314,28,1,0
BRDA:326,29,0,0
BRDA:326,29,1,0
BRDA:332,30,0,0
BRDA:332,30,1,0
BRDA:357,31,0,0
BRDA:357,31,1,0
BRDA:370,32,0,0
BRDA:370,32,1,0
BRDA:401,33,0,0
BRDA:401,33,1,0
BRDA:433,34,0,0
BRDA:433,34,1,0
BRDA:445,35,0,0
BRDA:445,35,1,0
BRDA:447,36,0,0
BRDA:447,36,1,0
BRDA:452,37,0,0
BRDA:452,37,1,0
BRDA:454,38,0,0
BRDA:454,38,1,0
BRDA:459,39,0,0
BRDA:459,39,1,0
BRDA:462,40,0,0
BRDA:462,40,1,0
BRDA:464,41,0,0
BRDA:464,41,1,0
BRDA:493,42,0,0
BRDA:493,42,1,0
BRDA:501,43,0,0
BRDA:501,43,1,0
BRDA:543,44,0,0
BRDA:543,44,1,0
BRDA:554,45,0,0
BRDA:554,45,1,0
BRDA:576,46,0,0
BRDA:576,46,1,0
BRDA:576,46,2,0
BRDA:602,47,0,0
BRDA:602,47,1,0
BRDA:604,48,0,0
BRDA:604,48,1,0
BRDA:608,49,0,0
BRDA:608,49,1,0
BRDA:624,50,0,0
BRDA:624,50,1,0
BRF:103
BRH:0
end_of_record
TN:
SF:src\screens\ActivityFeedScreen.tsx
FN:23,ActivityFeedScreen
FN:33,(anonymous_1)
FN:37,(anonymous_2)
FN:41,(anonymous_3)
FN:47,(anonymous_4)
FN:51,(anonymous_5)
FN:56,(anonymous_6)
FN:60,(anonymous_7)
FN:84,(anonymous_8)
FN:88,(anonymous_9)
FN:89,(anonymous_10)
FNF:11
FNH:0
FNDA:0,ActivityFeedScreen
FNDA:0,(anonymous_1)
FNDA:0,(anonymous_2)
FNDA:0,(anonymous_3)
FNDA:0,(anonymous_4)
FNDA:0,(anonymous_5)
FNDA:0,(anonymous_6)
FNDA:0,(anonymous_7)
FNDA:0,(anonymous_8)
FNDA:0,(anonymous_9)
FNDA:0,(anonymous_10)
DA:24,0
DA:25,0
DA:26,0
DA:27,0
DA:29,0
DA:31,0
DA:33,0
DA:34,0
DA:37,0
DA:38,0
DA:41,0
DA:42,0
DA:43,0
DA:44,0
DA:47,0
DA:48,0
DA:51,0
DA:53,0
DA:56,0
DA:57,0
DA:60,0
DA:61,0
DA:64,0
DA:85,0
DA:88,0
DA:89,0
DA:115,0
LF:27
LH:0
BRDA:66,0,0,0
BRDA:66,0,1,0
BRDA:66,1,0,0
BRDA:66,1,1,0
BRDA:83,2,0,0
BRDA:83,2,1,0
BRF:6
BRH:0
end_of_record
TN:
SF:src\screens\AthleteProfileScreen.tsx
FN:7,AthleteProfileScreen
FNF:1
FNH:0
FNDA:0,AthleteProfileScreen
DA:8,0
DA:10,0
DA:22,0
LF:3
LH:0
BRF:0
BRH:0
end_of_record
TN:
SF:src\screens\CalendarScreen.tsx
FN:25,CalendarScreen
FN:35,(anonymous_1)
FN:76,(anonymous_2)
FN:78,(anonymous_3)
FN:88,(anonymous_4)
FN:92,(anonymous_5)
FN:97,(anonymous_6)
FN:105,(anonymous_7)
FN:112,(anonymous_8)
FN:117,(anonymous_9)
FN:124,(anonymous_10)
FN:131,(anonymous_11)
FN:140,(anonymous_12)
FN:166,(anonymous_13)
FN:179,(anonymous_14)
FN:194,(anonymous_15)
FN:200,(anonymous_16)
FN:207,(anonymous_17)
FN:216,(anonymous_18)
FN:229,(anonymous_19)
FN:242,(anonymous_20)
FN:265,(anonymous_21)
FN:291,(anonymous_22)
FN:297,(anonymous_23)
FN:304,(anonymous_24)
FN:305,(anonymous_25)
FN:309,(anonymous_26)
FN:315,(anonymous_27)
FN:325,(anonymous_28)
FN:325,(anonymous_29)
FN:349,(anonymous_30)
FNF:31
FNH:0
FNDA:0,CalendarScreen
FNDA:0,(anonymous_1)
FNDA:0,(anonymous_2)
FNDA:0,(anonymous_3)
FNDA:0,(anonymous_4)
FNDA:0,(anonymous_5)
FNDA:0,(anonymous_6)
FNDA:0,(anonymous_7)
FNDA:0,(anonymous_8)
FNDA:0,(anonymous_9)
FNDA:0,(anonymous_10)
FNDA:0,(anonymous_11)
FNDA:0,(anonymous_12)
FNDA:0,(anonymous_13)
FNDA:0,(anonymous_14)
FNDA:0,(anonymous_15)
FNDA:0,(anonymous_16)
FNDA:0,(anonymous_17)
FNDA:0,(anonymous_18)
FNDA:0,(anonymous_19)
FNDA:0,(anonymous_20)
FNDA:0,(anonymous_21)
FNDA:0,(anonymous_22)
FNDA:0,(anonymous_23)
FNDA:0,(anonymous_24)
FNDA:0,(anonymous_25)
FNDA:0,(anonymous_26)
FNDA:0,(anonymous_27)
FNDA:0,(anonymous_28)
FNDA:0,(anonymous_29)
FNDA:0,(anonymous_30)
DA:18,0
DA:23,0
DA:26,0
DA:27,0
DA:28,0
DA:30,0
DA:31,0
DA:32,0
DA:35,0
DA:36,0
DA:37,0
DA:39,0
DA:40,0
DA:41,0
DA:42,0
DA:44,0
DA:47,0
DA:48,0
DA:49,0
DA:56,0
DA:57,0
DA:64,0
DA:65,0
DA:66,0
DA:72,0
DA:76,0
DA:77,0
DA:78,0
DA:79,0
DA:80,0
DA:82,0
DA:84,0
DA:88,0
DA:89,0
DA:90,0
DA:92,0
DA:93,0
DA:94,0
DA:97,0
DA:98,0
DA:99,0
DA:102,0
DA:105,0
DA:106,0
DA:107,0
DA:108,0
DA:109,0
DA:112,0
DA:113,0
DA:114,0
DA:117,0
DA:118,0
DA:119,0
DA:120,0
DA:121,0
DA:124,0
DA:125,0
DA:126,0
DA:127,0
DA:128,0
DA:131,0
DA:132,0
DA:134,0
DA:140,0
DA:141,0
DA:142,0
DA:145,0
DA:146,0
DA:155,0
DA:166,0
DA:179,0
DA:194,0
DA:200,0
DA:208,0
DA:217,0
DA:218,0
DA:219,0
DA:220,0
DA:222,0
DA:229,0
DA:243,0
DA:266,0
DA:267,0
DA:291,0
DA:297,0
DA:305,0
DA:306,0
DA:307,0
DA:309,0
DA:311,0
DA:316,0
DA:317,0
DA:318,0
DA:325,0
DA:326,0
DA:349,0
DA:356,0
LF:97
LH:0
BRDA:79,0,0,0
BRDA:79,0,1,0
BRDA:94,1,0,0
BRDA:94,1,1,0
BRDA:99,2,0,0
BRDA:99,2,1,0
BRDA:99,2,2,0
BRDA:142,3,0,0
BRDA:142,3,1,0
BRDA:145,4,0,0
BRDA:145,4,1,0
BRDA:163,5,0,0
BRDA:163,5,1,0
BRDA:168,6,0,0
BRDA:168,6,1,0
BRDA:169,7,0,0
BRDA:169,7,1,0
BRDA:176,8,0,0
BRDA:176,8,1,0
BRDA:181,9,0,0
BRDA:181,9,1,0
BRDA:182,10,0,0
BRDA:182,10,1,0
BRDA:188,11,0,0
BRDA:188,11,1,0
BRDA:218,12,0,0
BRDA:218,12,1,0
BRDA:227,13,0,0
BRDA:227,13,1,0
BRDA:234,14,0,0
BRDA:234,14,1,0
BRDA:235,15,0,0
BRDA:235,15,1,0
BRDA:240,16,0,0
BRDA:240,16,1,0
BRDA:247,17,0,0
BRDA:247,17,1,0
BRDA:307,18,0,0
BRDA:307,18,1,0
BRDA:330,19,0,0
BRDA:330,19,1,0
BRF:41
BRH:0
end_of_record
TN:
SF:src\screens\CoachScreen.tsx
FN:67,CoachScreen
FN:75,(anonymous_1)
FN:89,(anonymous_2)
FN:92,(anonymous_3)
FN:102,(anonymous_4)
FN:110,(anonymous_5)
FN:121,(anonymous_6)
FN:128,(anonymous_7)
FN:134,(anonymous_8)
FN:142,(anonymous_9)
FN:148,(anonymous_10)
FN:164,(anonymous_11)
FN:164,(anonymous_12)
FN:175,(anonymous_13)
FN:183,(anonymous_14)
FN:193,(anonymous_15)
FN:202,(anonymous_16)
FN:207,(anonymous_17)
FN:249,(anonymous_18)
FN:257,(anonymous_19)
FN:264,(anonymous_20)
FN:271,(anonymous_21)
FN:272,(anonymous_22)
FN:283,(anonymous_23)
FN:286,(anonymous_24)
FN:291,(anonymous_25)
FN:301,(anonymous_26)
FN:309,(anonymous_27)
FN:309,(anonymous_28)
FN:312,(anonymous_29)
FN:326,(anonymous_30)
FN:356,(anonymous_31)
FN:357,(anonymous_32)
FN:361,(anonymous_33)
FN:369,(anonymous_34)
FN:384,(anonymous_35)
FN:409,(anonymous_36)
FN:410,(anonymous_37)
FN:413,(anonymous_38)
FN:442,(anonymous_39)
FN:444,(anonymous_40)
FN:453,(anonymous_41)
FN:458,(anonymous_42)
FN:487,(anonymous_43)
FN:489,(anonymous_44)
FN:543,(anonymous_45)
FN:557,(anonymous_46)
FN:613,(anonymous_47)
FNF:48
FNH:0
FNDA:0,CoachScreen
FNDA:0,(anonymous_1)
FNDA:0,(anonymous_2)
FNDA:0,(anonymous_3)
FNDA:0,(anonymous_4)
FNDA:0,(anonymous_5)
FNDA:0,(anonymous_6)
FNDA:0,(anonymous_7)
FNDA:0,(anonymous_8)
FNDA:0,(anonymous_9)
FNDA:0,(anonymous_10)
FNDA:0,(anonymous_11)
FNDA:0,(anonymous_12)
FNDA:0,(anonymous_13)
FNDA:0,(anonymous_14)
FNDA:0,(anonymous_15)
FNDA:0,(anonymous_16)
FNDA:0,(anonymous_17)
FNDA:0,(anonymous_18)
FNDA:0,(anonymous_19)
FNDA:0,(anonymous_20)
FNDA:0,(anonymous_21)
FNDA:0,(anonymous_22)
FNDA:0,(anonymous_23)
FNDA:0,(anonymous_24)
FNDA:0,(anonymous_25)
FNDA:0,(anonymous_26)
FNDA:0,(anonymous_27)
FNDA:0,(anonymous_28)
FNDA:0,(anonymous_29)
FNDA:0,(anonymous_30)
FNDA:0,(anonymous_31)
FNDA:0,(anonymous_32)
FNDA:0,(anonymous_33)
FNDA:0,(anonymous_34)
FNDA:0,(anonymous_35)
FNDA:0,(anonymous_36)
FNDA:0,(anonymous_37)
FNDA:0,(anonymous_38)
FNDA:0,(anonymous_39)
FNDA:0,(anonymous_40)
FNDA:0,(anonymous_41)
FNDA:0,(anonymous_42)
FNDA:0,(anonymous_43)
FNDA:0,(anonymous_44)
FNDA:0,(anonymous_45)
FNDA:0,(anonymous_46)
FNDA:0,(anonymous_47)
DA:27,0
DA:68,0
DA:69,0
DA:70,0
DA:71,0
DA:72,0
DA:75,0
DA:77,0
DA:78,0
DA:79,0
DA:80,0
DA:81,0
DA:82,0
DA:83,0
DA:84,0
DA:86,0
DA:89,0
DA:90,0
DA:94,0
DA:100,0
DA:102,0
DA:103,0
DA:108,0
DA:111,0
DA:117,0
DA:121,0
DA:122,0
DA:123,0
DA:128,0
DA:129,0
DA:130,0
DA:134,0
DA:135,0
DA:139,0
DA:142,0
DA:143,0
DA:145,0
DA:147,0
DA:148,0
DA:149,0
DA:150,0
DA:152,0
DA:153,0
DA:156,0
DA:157,0
DA:158,0
DA:159,0
DA:161,0
DA:163,0
DA:164,0
DA:167,0
DA:176,0
DA:177,0
DA:179,0
DA:180,0
DA:183,0
DA:191,0
DA:193,0
DA:195,0
DA:203,0
DA:204,0
DA:205,0
DA:207,0
DA:215,0
DA:217,0
DA:218,0
DA:224,0
DA:225,0
DA:228,0
DA:233,0
DA:234,0
DA:235,0
DA:236,0
DA:237,0
DA:238,0
DA:241,0
DA:245,0
DA:249,0
DA:250,0
DA:252,0
DA:253,0
DA:257,0
DA:258,0
DA:260,0
DA:264,0
DA:265,0
DA:266,0
DA:271,0
DA:272,0
DA:274,0
DA:283,0
DA:287,0
DA:292,0
DA:302,0
DA:309,0
DA:310,0
DA:312,0
DA:324,0
DA:326,0
DA:331,0
DA:347,0
DA:349,0
DA:350,0
DA:353,0
DA:356,0
DA:357,0
DA:358,0
DA:360,0
DA:361,0
DA:362,0
DA:366,0
DA:369,0
DA:370,0
DA:371,0
DA:372,0
DA:373,0
DA:375,0
DA:376,0
DA:377,0
DA:379,0
DA:380,0
DA:381,0
DA:384,0
DA:385,0
DA:387,0
DA:388,0
DA:390,0
DA:391,0
DA:392,0
DA:393,0
DA:395,0
DA:396,0
DA:397,0
DA:398,0
DA:400,0
DA:401,0
DA:402,0
DA:403,0
DA:405,0
DA:406,0
DA:408,0
DA:409,0
DA:410,0
DA:412,0
DA:413,0
DA:414,0
DA:415,0
DA:416,0
DA:417,0
DA:424,0
DA:432,0
DA:433,0
DA:434,0
DA:435,0
DA:438,0
DA:442,0
DA:444,0
DA:446,0
DA:447,0
DA:449,0
DA:453,0
DA:454,0
DA:455,0
DA:456,0
DA:457,0
DA:458,0
DA:461,0
DA:487,0
DA:490,0
DA:544,0
DA:558,0
DA:613,0
DA:625,0
LF:173
LH:0
BRDA:91,0,0,0
BRDA:91,0,1,0
BRDA:95,1,0,0
BRDA:95,1,1,0
BRDA:109,2,0,0
BRDA:109,2,1,0
BRDA:112,3,0,0
BRDA:112,3,1,0
BRDA:129,4,0,0
BRDA:129,4,1,0
BRDA:143,5,0,0
BRDA:143,5,1,0
BRDA:143,6,0,0
BRDA:143,6,1,0
BRDA:161,7,0,0
BRDA:161,7,1,0
BRDA:161,8,0,0
BRDA:161,8,1,0
BRDA:164,9,0,0
BRDA:164,9,1,0
BRDA:191,10,0,0
BRDA:191,10,1,0
BRDA:191,11,0,0
BRDA:191,11,1,0
BRDA:193,12,0,0
BRDA:193,12,1,0
BRDA:215,13,0,0
BRDA:215,13,1,0
BRDA:215,14,0,0
BRDA:215,14,1,0
BRDA:220,15,0,0
BRDA:220,15,1,0
BRDA:221,16,0,0
BRDA:221,16,1,0
BRDA:234,17,0,0
BRDA:234,17,1,0
BRDA:237,18,0,0
BRDA:237,18,1,0
BRDA:237,19,0,0
BRDA:237,19,1,0
BRDA:265,20,0,0
BRDA:265,20,1,0
BRDA:283,21,0,0
BRDA:283,21,1,0
BRDA:286,22,0,0
BRDA:286,22,1,0
BRDA:291,23,0,0
BRDA:291,23,1,0
BRDA:294,24,0,0
BRDA:294,24,1,0
BRDA:301,25,0,0
BRDA:301,25,1,0
BRDA:304,26,0,0
BRDA:304,26,1,0
BRDA:309,27,0,0
BRDA:309,27,1,0
BRDA:309,28,0,0
BRDA:309,28,1,0
BRDA:310,29,0,0
BRDA:310,29,1,0
BRDA:312,30,0,0
BRDA:312,30,1,0
BRDA:312,31,0,0
BRDA:312,31,1,0
BRDA:327,32,0,0
BRDA:327,32,1,0
BRDA:349,33,0,0
BRDA:349,33,1,0
BRDA:350,34,0,0
BRDA:350,34,1,0
BRDA:353,35,0,0
BRDA:353,35,1,0
BRDA:360,36,0,0
BRDA:360,36,1,0
BRDA:362,37,0,0
BRDA:362,37,1,0
BRDA:366,38,0,0
BRDA:366,38,1,0
BRDA:373,39,0,0
BRDA:373,39,1,0
BRDA:377,40,0,0
BRDA:377,40,1,0
BRDA:385,41,0,0
BRDA:385,41,1,0
BRDA:385,42,0,0
BRDA:385,42,1,0
BRDA:393,43,0,0
BRDA:393,43,1,0
BRDA:398,44,0,0
BRDA:398,44,1,0
BRDA:403,45,0,0
BRDA:403,45,1,0
BRDA:415,46,0,0
BRDA:415,46,1,0
BRDA:416,47,0,0
BRDA:416,47,1,0
BRDA:419,48,0,0
BRDA:419,48,1,0
BRDA:427,49,0,0
BRDA:427,49,1,0
BRDA:440,50,0,0
BRDA:440,50,1,0
BRDA:472,51,0,0
BRDA:472,51,1,0
BRDA:494,52,0,0
BRDA:494,52,1,0
BRDA:497,53,0,0
BRDA:497,53,1,0
BRDA:505,54,0,0
BRDA:505,54,1,0
BRDA:517,55,0,0
BRDA:517,55,1,0
BRDA:533,56,0,0
BRDA:533,56,1,0
BRDA:533,56,2,0
BRDA:536,57,0,0
BRDA:536,57,1,0
BRDA:546,58,0,0
BRDA:546,58,1,0
BRDA:564,59,0,0
BRDA:564,59,1,0
BRDA:577,60,0,0
BRDA:577,60,1,0
BRDA:581,61,0,0
BRDA:581,61,1,0
BRDA:587,62,0,0
BRDA:587,62,1,0
BRDA:612,63,0,0
BRDA:612,63,1,0
BRDA:612,63,2,0
BRDA:614,64,0,0
BRDA:614,64,1,0
BRDA:616,65,0,0
BRDA:616,65,1,0
BRDA:616,66,0,0
BRDA:616,66,1,0
BRF:136
BRH:0
end_of_record
TN:
SF:src\screens\CompleteEventWorkoutScreen.tsx
FN:29,CompleteEventWorkoutScreen
FN:53,(anonymous_1)
FN:54,(anonymous_2)
FN:56,(anonymous_3)
FN:81,(anonymous_4)
FN:107,(anonymous_5)
FN:111,(anonymous_6)
FN:112,(anonymous_7)
FN:112,(anonymous_8)
FN:115,(anonymous_9)
FN:161,(anonymous_10)
FN:284,(anonymous_11)
FN:295,(anonymous_12)
FN:337,(anonymous_13)
FN:349,(anonymous_14)
FN:402,(anonymous_15)
FN:443,(anonymous_16)
FN:448,(anonymous_17)
FNF:18
FNH:0
FNDA:0,CompleteEventWorkoutScreen
FNDA:0,(anonymous_1)
FNDA:0,(anonymous_2)
FNDA:0,(anonymous_3)
FNDA:0,(anonymous_4)
FNDA:0,(anonymous_5)
FNDA:0,(anonymous_6)
FNDA:0,(anonymous_7)
FNDA:0,(anonymous_8)
FNDA:0,(anonymous_9)
FNDA:0,(anonymous_10)
FNDA:0,(anonymous_11)
FNDA:0,(anonymous_12)
FNDA:0,(anonymous_13)
FNDA:0,(anonymous_14)
FNDA:0,(anonymous_15)
FNDA:0,(anonymous_16)
FNDA:0,(anonymous_17)
DA:30,0
DA:31,0
DA:32,0
DA:33,0
DA:34,0
DA:35,0
DA:36,0
DA:38,0
DA:39,0
DA:40,0
DA:43,0
DA:44,0
DA:45,0
DA:46,0
DA:47,0
DA:48,0
DA:49,0
DA:50,0
DA:51,0
DA:53,0
DA:54,0
DA:55,0
DA:56,0
DA:58,0
DA:59,0
DA:60,0
DA:63,0
DA:64,0
DA:65,0
DA:66,0
DA:67,0
DA:68,0
DA:69,0
DA:70,0
DA:75,0
DA:78,0
DA:81,0
DA:82,0
DA:83,0
DA:84,0
DA:88,0
DA:90,0
DA:91,0
DA:96,0
DA:99,0
DA:106,0
DA:107,0
DA:111,0
DA:112,0
DA:115,0
DA:116,0
DA:118,0
DA:120,0
DA:122,0
DA:132,0
DA:133,0
DA:134,0
DA:135,0
DA:139,0
DA:140,0
DA:143,0
DA:144,0
DA:145,0
DA:146,0
DA:148,0
DA:152,0
DA:160,0
DA:161,0
DA:164,0
DA:166,0
DA:170,0
DA:171,0
DA:180,0
DA:181,0
DA:193,0
DA:285,0
DA:295,0
DA:338,0
DA:349,0
DA:402,0
DA:444,0
DA:448,0
DA:494,0
LF:83
LH:0
BRDA:58,0,0,0
BRDA:58,0,1,0
BRDA:60,1,0,0
BRDA:60,1,1,0
BRDA:64,2,0,0
BRDA:64,2,1,0
BRDA:65,3,0,0
BRDA:65,3,1,0
BRDA:66,4,0,0
BRDA:66,4,1,0
BRDA:67,5,0,0
BRDA:67,5,1,0
BRDA:68,6,0,0
BRDA:68,6,1,0
BRDA:69,7,0,0
BRDA:69,7,1,0
BRDA:82,8,0,0
BRDA:82,8,1,0
BRDA:90,9,0,0
BRDA:90,9,1,0
BRDA:106,10,0,0
BRDA:106,10,1,0
BRDA:116,11,0,0
BRDA:116,11,1,0
BRDA:116,12,0,0
BRDA:116,12,1,0
BRDA:124,13,0,0
BRDA:124,13,1,0
BRDA:125,14,0,0
BRDA:125,14,1,0
BRDA:126,15,0,0
BRDA:126,15,1,0
BRDA:127,16,0,0
BRDA:127,16,1,0
BRDA:128,17,0,0
BRDA:128,17,1,0
BRDA:129,18,0,0
BRDA:129,18,1,0
BRDA:132,19,0,0
BRDA:132,19,1,0
BRDA:139,20,0,0
BRDA:139,20,1,0
BRDA:139,21,0,0
BRDA:139,21,1,0
BRDA:143,22,0,0
BRDA:143,22,1,0
BRDA:145,23,0,0
BRDA:145,23,1,0
BRDA:155,24,0,0
BRDA:155,24,1,0
BRDA:170,25,0,0
BRDA:170,25,1,0
BRDA:180,26,0,0
BRDA:180,26,1,0
BRDA:207,27,0,0
BRDA:207,27,1,0
BRDA:212,28,0,0
BRDA:212,28,1,0
BRDA:212,28,2,0
BRDA:216,29,0,0
BRDA:216,29,1,0
BRDA:216,30,0,0
BRDA:216,30,1,0
BRDA:220,31,0,0
BRDA:220,31,1,0
BRDA:233,32,0,0
BRDA:233,32,1,0
BRDA:250,33,0,0
BRDA:250,33,1,0
BRDA:270,34,0,0
BRDA:270,34,1,0
BRDA:278,35,0,0
BRDA:278,35,1,0
BRDA:278,35,2,0
BRDA:290,36,0,0
BRDA:290,36,1,0
BRDA:299,37,0,0
BRDA:299,37,1,0
BRDA:343,38,0,0
BRDA:343,38,1,0
BRDA:346,39,0,0
BRDA:346,39,1,0
BRDA:354,40,0,0
BRDA:354,40,1,0
BRDA:400,41,0,0
BRDA:400,41,1,0
BRDA:408,42,0,0
BRDA:408,42,1,0
BRDA:414,43,0,0
BRDA:414,43,1,0
BRDA:454,44,0,0
BRDA:454,44,1,0
BRDA:473,45,0,0
BRDA:473,45,1,0
BRDA:478,46,0,0
BRDA:478,46,1,0
BRF:96
BRH:0
end_of_record
TN:
SF:src\screens\CreateEventScreen.tsx
FN:27,CreateEventScreen
FN:46,(anonymous_1)
FN:48,(anonymous_2)
FN:53,(anonymous_3)
FN:61,(anonymous_4)
FN:67,(anonymous_5)
FN:76,(anonymous_6)
FN:116,(anonymous_7)
FN:117,(anonymous_8)
FN:162,(anonymous_9)
FN:173,(anonymous_10)
FN:182,(anonymous_11)
FN:189,(anonymous_12)
FN:199,(anonymous_13)
FN:207,(anonymous_14)
FN:221,(anonymous_15)
FN:226,(anonymous_16)
FN:237,(anonymous_17)
FN:242,(anonymous_18)
FN:248,(anonymous_19)
FN:288,(anonymous_20)
FN:313,(anonymous_21)
FN:326,(anonymous_22)
FN:339,(anonymous_23)
FN:364,(anonymous_24)
FN:425,(anonymous_25)
FN:439,(anonymous_26)
FN:463,(anonymous_27)
FN:472,(anonymous_28)
FN:489,(anonymous_29)
FN:493,(anonymous_30)
FNF:31
FNH:0
FNDA:0,CreateEventScreen
FNDA:0,(anonymous_1)
FNDA:0,(anonymous_2)
FNDA:0,(anonymous_3)
FNDA:0,(anonymous_4)
FNDA:0,(anonymous_5)
FNDA:0,(anonymous_6)
FNDA:0,(anonymous_7)
FNDA:0,(anonymous_8)
FNDA:0,(anonymous_9)
FNDA:0,(anonymous_10)
FNDA:0,(anonymous_11)
FNDA:0,(anonymous_12)
FNDA:0,(anonymous_13)
FNDA:0,(anonymous_14)
FNDA:0,(anonymous_15)
FNDA:0,(anonymous_16)
FNDA:0,(anonymous_17)
FNDA:0,(anonymous_18)
FNDA:0,(anonymous_19)
FNDA:0,(anonymous_20)
FNDA:0,(anonymous_21)
FNDA:0,(anonymous_22)
FNDA:0,(anonymous_23)
FNDA:0,(anonymous_24)
FNDA:0,(anonymous_25)
FNDA:0,(anonymous_26)
FNDA:0,(anonymous_27)
FNDA:0,(anonymous_28)
FNDA:0,(anonymous_29)
FNDA:0,(anonymous_30)
DA:28,0
DA:29,0
DA:30,0
DA:33,0
DA:34,0
DA:35,0
DA:36,0
DA:37,0
DA:38,0
DA:39,0
DA:40,0
DA:42,0
DA:43,0
DA:46,0
DA:48,0
DA:49,0
DA:50,0
DA:53,0
DA:54,0
DA:55,0
DA:57,0
DA:61,0
DA:62,0
DA:63,0
DA:64,0
DA:67,0
DA:68,0
DA:69,0
DA:71,0
DA:72,0
DA:76,0
DA:77,0
DA:78,0
DA:79,0
DA:82,0
DA:83,0
DA:84,0
DA:87,0
DA:89,0
DA:90,0
DA:93,0
DA:96,0
DA:116,0
DA:117,0
DA:130,0
DA:143,0
DA:156,0
DA:157,0
DA:159,0
DA:162,0
DA:167,0
DA:169,0
DA:173,0
DA:174,0
DA:182,0
DA:183,0
DA:184,0
DA:185,0
DA:186,0
DA:189,0
DA:190,0
DA:200,0
DA:207,0
DA:221,0
DA:222,0
DA:226,0
DA:237,0
DA:242,0
DA:248,0
DA:288,0
DA:313,0
DA:326,0
DA:339,0
DA:364,0
DA:409,0
DA:425,0
DA:439,0
DA:463,0
DA:472,0
DA:490,0
DA:493,0
DA:529,0
LF:82
LH:0
BRDA:54,0,0,0
BRDA:54,0,1,0
BRDA:68,1,0,0
BRDA:68,1,1,0
BRDA:71,2,0,0
BRDA:71,2,1,0
BRDA:77,3,0,0
BRDA:77,3,1,0
BRDA:82,4,0,0
BRDA:82,4,1,0
BRDA:96,5,0,0
BRDA:96,5,1,0
BRDA:126,6,0,0
BRDA:126,6,1,0
BRDA:127,7,0,0
BRDA:127,7,1,0
BRDA:152,8,0,0
BRDA:152,8,1,0
BRDA:156,9,0,0
BRDA:156,9,1,0
BRDA:205,10,0,0
BRDA:205,10,1,0
BRDA:237,11,0,0
BRDA:237,11,1,0
BRDA:244,12,0,0
BRDA:244,12,1,0
BRDA:311,13,0,0
BRDA:311,13,1,0
BRDA:315,14,0,0
BRDA:315,14,1,0
BRDA:318,15,0,0
BRDA:318,15,1,0
BRDA:324,16,0,0
BRDA:324,16,1,0
BRDA:328,17,0,0
BRDA:328,17,1,0
BRDA:331,18,0,0
BRDA:331,18,1,0
BRDA:337,19,0,0
BRDA:337,19,1,0
BRDA:341,20,0,0
BRDA:341,20,1,0
BRDA:344,21,0,0
BRDA:344,21,1,0
BRDA:349,22,0,0
BRDA:349,22,1,0
BRDA:350,23,0,0
BRDA:350,23,1,0
BRDA:351,24,0,0
BRDA:351,24,1,0
BRDA:356,25,0,0
BRDA:356,25,1,0
BRDA:371,26,0,0
BRDA:371,26,1,0
BRDA:390,27,0,0
BRDA:390,27,1,0
BRDA:395,28,0,0
BRDA:395,28,1,0
BRDA:416,29,0,0
BRDA:416,29,1,0
BRDA:417,30,0,0
BRDA:417,30,1,0
BRDA:421,31,0,0
BRDA:421,31,1,0
BRDA:431,32,0,0
BRDA:431,32,1,0
BRDA:436,33,0,0
BRDA:436,33,1,0
BRF:68
BRH:0
end_of_record
TN:
SF:src\screens\CreatePostScreen.tsx
FN:30,CreatePostScreen
FN:56,(anonymous_1)
FN:60,(anonymous_2)
FN:65,(anonymous_3)
FN:91,(anonymous_4)
FN:97,(anonymous_5)
FN:110,(anonymous_6)
FN:142,(anonymous_7)
FN:144,(anonymous_8)
FN:147,(anonymous_9)
FN:153,(anonymous_10)
FN:163,(anonymous_11)
FN:164,(anonymous_12)
FN:167,(anonymous_13)
FN:200,(anonymous_14)
FN:203,(anonymous_15)
FN:239,(anonymous_16)
FN:247,(anonymous_17)
FN:275,(anonymous_18)
FN:301,(anonymous_19)
FN:312,(anonymous_20)
FNF:21
FNH:0
FNDA:0,CreatePostScreen
FNDA:0,(anonymous_1)
FNDA:0,(anonymous_2)
FNDA:0,(anonymous_3)
FNDA:0,(anonymous_4)
FNDA:0,(anonymous_5)
FNDA:0,(anonymous_6)
FNDA:0,(anonymous_7)
FNDA:0,(anonymous_8)
FNDA:0,(anonymous_9)
FNDA:0,(anonymous_10)
FNDA:0,(anonymous_11)
FNDA:0,(anonymous_12)
FNDA:0,(anonymous_13)
FNDA:0,(anonymous_14)
FNDA:0,(anonymous_15)
FNDA:0,(anonymous_16)
FNDA:0,(anonymous_17)
FNDA:0,(anonymous_18)
FNDA:0,(anonymous_19)
FNDA:0,(anonymous_20)
DA:31,0
DA:32,0
DA:33,0
DA:34,0
DA:35,0
DA:36,0
DA:37,0
DA:48,0
DA:50,0
DA:53,0
DA:54,0
DA:56,0
DA:57,0
DA:60,0
DA:61,0
DA:62,0
DA:65,0
DA:67,0
DA:69,0
DA:70,0
DA:75,0
DA:78,0
DA:84,0
DA:87,0
DA:91,0
DA:92,0
DA:93,0
DA:94,0
DA:97,0
DA:98,0
DA:99,0
DA:100,0
DA:103,0
DA:104,0
DA:106,0
DA:107,0
DA:108,0
DA:110,0
DA:113,0
DA:114,0
DA:118,0
DA:125,0
DA:126,0
DA:130,0
DA:131,0
DA:136,0
DA:138,0
DA:142,0
DA:143,0
DA:144,0
DA:147,0
DA:153,0
DA:163,0
DA:165,0
DA:168,0
DA:169,0
DA:197,0
DA:198,0
DA:200,0
DA:202,0
DA:203,0
DA:204,0
DA:209,0
DA:240,0
DA:247,0
DA:275,0
DA:301,0
DA:312,0
DA:351,0
LF:69
LH:0
BRDA:69,0,0,0
BRDA:69,0,1,0
BRDA:84,1,0,0
BRDA:84,1,1,0
BRDA:84,2,0,0
BRDA:84,2,1,0
BRDA:84,2,2,0
BRDA:98,3,0,0
BRDA:98,3,1,0
BRDA:98,4,0,0
BRDA:98,4,1,0
BRDA:98,4,2,0
BRDA:107,5,0,0
BRDA:107,5,1,0
BRDA:109,6,0,0
BRDA:109,6,1,0
BRDA:113,7,0,0
BRDA:113,7,1,0
BRDA:125,8,0,0
BRDA:125,8,1,0
BRDA:158,9,0,0
BRDA:158,9,1,0
BRDA:180,10,0,0
BRDA:180,10,1,0
BRDA:202,11,0,0
BRDA:202,11,1,0
BRDA:212,12,0,0
BRDA:212,12,1,0
BRDA:214,13,0,0
BRDA:214,13,1,0
BRDA:219,14,0,0
BRDA:219,14,1,0
BRDA:219,14,2,0
BRDA:223,15,0,0
BRDA:223,15,1,0
BRDA:237,16,0,0
BRDA:237,16,1,0
BRDA:292,17,0,0
BRDA:292,17,1,0
BRDA:296,18,0,0
BRDA:296,18,1,0
BRDA:332,19,0,0
BRDA:332,19,1,0
BRDA:332,20,0,0
BRDA:332,20,1,0
BRDA:332,20,2,0
BRDA:334,21,0,0
BRDA:334,21,1,0
BRDA:334,21,2,0
BRDA:334,21,3,0
BRDA:336,22,0,0
BRDA:336,22,1,0
BRF:52
BRH:0
end_of_record
TN:
SF:src\screens\CreateWorkoutScreen.tsx
FN:39,CreateWorkoutScreen
FN:66,(anonymous_1)
FN:69,(anonymous_2)
FN:78,(anonymous_3)
FN:81,(anonymous_4)
FN:88,(anonymous_5)
FN:90,(anonymous_6)
FN:95,(anonymous_7)
FN:100,(anonymous_8)
FN:105,(anonymous_9)
FN:112,(anonymous_10)
FN:114,(anonymous_11)
FN:116,(anonymous_12)
FN:121,(anonymous_13)
FN:145,(anonymous_14)
FN:165,(anonymous_15)
FN:178,(anonymous_16)
FN:184,(anonymous_17)
FN:198,(anonymous_18)
FN:208,(anonymous_19)
FN:242,(anonymous_20)
FN:263,(anonymous_21)
FN:274,(anonymous_22)
FN:282,(anonymous_23)
FN:297,(anonymous_24)
FN:301,(anonymous_25)
FN:331,(anonymous_26)
FN:343,(anonymous_27)
FN:352,(anonymous_28)
FN:385,(anonymous_29)
FN:391,(anonymous_30)
FN:403,(anonymous_31)
FN:432,(anonymous_32)
FN:483,(anonymous_33)
FN:500,(anonymous_34)
FN:510,(anonymous_35)
FN:518,(anonymous_36)
FN:551,(anonymous_37)
FNF:38
FNH:0
FNDA:0,CreateWorkoutScreen
FNDA:0,(anonymous_1)
FNDA:0,(anonymous_2)
FNDA:0,(anonymous_3)
FNDA:0,(anonymous_4)
FNDA:0,(anonymous_5)
FNDA:0,(anonymous_6)
FNDA:0,(anonymous_7)
FNDA:0,(anonymous_8)
FNDA:0,(anonymous_9)
FNDA:0,(anonymous_10)
FNDA:0,(anonymous_11)
FNDA:0,(anonymous_12)
FNDA:0,(anonymous_13)
FNDA:0,(anonymous_14)
FNDA:0,(anonymous_15)
FNDA:0,(anonymous_16)
FNDA:0,(anonymous_17)
FNDA:0,(anonymous_18)
FNDA:0,(anonymous_19)
FNDA:0,(anonymous_20)
FNDA:0,(anonymous_21)
FNDA:0,(anonymous_22)
FNDA:0,(anonymous_23)
FNDA:0,(anonymous_24)
FNDA:0,(anonymous_25)
FNDA:0,(anonymous_26)
FNDA:0,(anonymous_27)
FNDA:0,(anonymous_28)
FNDA:0,(anonymous_29)
FNDA:0,(anonymous_30)
FNDA:0,(anonymous_31)
FNDA:0,(anonymous_32)
FNDA:0,(anonymous_33)
FNDA:0,(anonymous_34)
FNDA:0,(anonymous_35)
FNDA:0,(anonymous_36)
FNDA:0,(anonymous_37)
DA:22,0
DA:40,0
DA:41,0
DA:42,0
DA:43,0
DA:44,0
DA:46,0
DA:48,0
DA:49,0
DA:50,0
DA:51,0
DA:52,0
DA:53,0
DA:54,0
DA:55,0
DA:56,0
DA:57,0
DA:60,0
DA:61,0
DA:62,0
DA:63,0
DA:66,0
DA:67,0
DA:68,0
DA:69,0
DA:70,0
DA:71,0
DA:72,0
DA:74,0
DA:78,0
DA:79,0
DA:80,0
DA:81,0
DA:82,0
DA:88,0
DA:89,0
DA:90,0
DA:91,0
DA:95,0
DA:96,0
DA:97,0
DA:100,0
DA:101,0
DA:102,0
DA:105,0
DA:106,0
DA:107,0
DA:108,0
DA:112,0
DA:113,0
DA:114,0
DA:115,0
DA:116,0
DA:121,0
DA:122,0
DA:123,0
DA:124,0
DA:126,0
DA:127,0
DA:128,0
DA:131,0
DA:132,0
DA:134,0
DA:135,0
DA:141,0
DA:143,0
DA:145,0
DA:146,0
DA:149,0
DA:152,0
DA:153,0
DA:154,0
DA:155,0
DA:158,0
DA:159,0
DA:161,0
DA:165,0
DA:166,0
DA:167,0
DA:168,0
DA:169,0
DA:170,0
DA:172,0
DA:173,0
DA:174,0
DA:176,0
DA:177,0
DA:178,0
DA:180,0
DA:183,0
DA:184,0
DA:185,0
DA:186,0
DA:187,0
DA:190,0
DA:194,0
DA:195,0
DA:198,0
DA:201,0
DA:202,0
DA:204,0
DA:208,0
DA:209,0
DA:210,0
DA:211,0
DA:214,0
DA:215,0
DA:216,0
DA:219,0
DA:220,0
DA:222,0
DA:223,0
DA:225,0
DA:231,0
DA:233,0
DA:234,0
DA:236,0
DA:238,0
DA:242,0
DA:244,0
DA:263,0
DA:275,0
DA:282,0
DA:298,0
DA:301,0
DA:331,0
DA:344,0
DA:352,0
DA:385,0
DA:392,0
DA:393,0
DA:394,0
DA:395,0
DA:404,0
DA:405,0
DA:406,0
DA:432,0
DA:483,0
DA:500,0
DA:511,0
DA:518,0
DA:551,0
DA:564,0
LF:143
LH:0
BRDA:46,0,0,0
BRDA:46,0,1,0
BRDA:67,1,0,0
BRDA:67,1,1,0
BRDA:70,2,0,0
BRDA:70,2,1,0
BRDA:71,3,0,0
BRDA:71,3,1,0
BRDA:79,4,0,0
BRDA:79,4,1,0
BRDA:79,5,0,0
BRDA:79,5,1,0
BRDA:81,6,0,0
BRDA:81,6,1,0
BRDA:82,7,0,0
BRDA:82,7,1,0
BRDA:89,8,0,0
BRDA:89,8,1,0
BRDA:107,9,0,0
BRDA:107,9,1,0
BRDA:115,10,0,0
BRDA:115,10,1,0
BRDA:122,11,0,0
BRDA:122,11,1,0
BRDA:126,12,0,0
BRDA:126,12,1,0
BRDA:138,13,0,0
BRDA:138,13,1,0
BRDA:141,14,0,0
BRDA:141,14,1,0
BRDA:143,15,0,0
BRDA:143,15,1,0
BRDA:170,16,0,0
BRDA:170,16,1,0
BRDA:172,17,0,0
BRDA:172,17,1,0
BRDA:174,18,0,0
BRDA:174,18,1,0
BRDA:176,19,0,0
BRDA:176,19,1,0
BRDA:186,20,0,0
BRDA:186,20,1,0
BRDA:186,21,0,0
BRDA:186,21,1,0
BRDA:186,21,2,0
BRDA:209,22,0,0
BRDA:209,22,1,0
BRDA:214,23,0,0
BRDA:214,23,1,0
BRDA:228,24,0,0
BRDA:228,24,1,0
BRDA:231,25,0,0
BRDA:231,25,1,0
BRDA:236,26,0,0
BRDA:236,26,1,0
BRDA:242,27,0,0
BRDA:242,27,1,0
BRDA:280,28,0,0
BRDA:280,28,1,0
BRDA:284,29,0,0
BRDA:284,29,1,0
BRDA:293,30,0,0
BRDA:293,30,1,0
BRDA:300,31,0,0
BRDA:300,31,1,0
BRDA:303,32,0,0
BRDA:303,32,1,0
BRDA:338,33,0,0
BRDA:338,33,1,0
BRDA:362,34,0,0
BRDA:362,34,1,0
BRDA:366,35,0,0
BRDA:366,35,1,0
BRDA:401,36,0,0
BRDA:401,36,1,0
BRDA:417,37,0,0
BRDA:417,37,1,0
BRDA:451,38,0,0
BRDA:451,38,1,0
BRDA:493,39,0,0
BRDA:493,39,1,0
BRDA:504,40,0,0
BRDA:504,40,1,0
BRDA:516,41,0,0
BRDA:516,41,1,0
BRDA:527,42,0,0
BRDA:527,42,1,0
BRDA:529,43,0,0
BRDA:529,43,1,0
BRDA:536,44,0,0
BRDA:536,44,1,0
BRDA:536,44,2,0
BRF:92
BRH:0
end_of_record
TN:
SF:src\screens\CrossFitWorkoutScreen.tsx
FN:52,parseTimerConfig
FN:85,formatTime
FN:91,CrossFitWorkoutScreen
FN:125,(anonymous_3)
FN:127,(anonymous_4)
FN:135,(anonymous_5)
FN:136,(anonymous_6)
FN:179,(anonymous_7)
FN:181,(anonymous_8)
FN:182,(anonymous_9)
FN:202,(anonymous_10)
FN:209,(anonymous_11)
FN:222,(anonymous_12)
FN:228,(anonymous_13)
FN:229,(anonymous_14)
[...]
FN:17,LoginScreen
FN:27,(anonymous_1)
FN:72,(anonymous_2)
FN:179,(anonymous_3)
FNF:4
FNH:0
FNDA:0,LoginScreen
FNDA:0,(anonymous_1)
FNDA:0,(anonymous_2)
FNDA:0,(anonymous_3)
DA:18,0
DA:20,0
DA:21,0
DA:22,0
DA:23,0
DA:24,0
DA:25,0
DA:27,0
DA:28,0
DA:29,0
DA:30,0
DA:33,0
DA:34,0
DA:35,0
DA:38,0
DA:39,0
DA:41,0
DA:42,0
DA:44,0
DA:45,0
DA:46,0
DA:47,0
DA:48,0
DA:50,0
DA:51,0
DA:57,0
DA:58,0
DA:59,0
DA:60,0
DA:62,0
DA:66,0
DA:68,0
DA:72,0
DA:73,0
DA:74,0
DA:75,0
DA:78,0
DA:79,0
DA:80,0
DA:82,0
DA:83,0
DA:85,0
DA:89,0
DA:180,0
DA:181,0
DA:195,0
LF:46
LH:0
BRDA:28,0,0,0
BRDA:28,0,1,0
BRDA:28,1,0,0
BRDA:28,1,1,0
BRDA:33,2,0,0
BRDA:33,2,1,0
BRDA:33,3,0,0
BRDA:33,3,1,0
BRDA:44,4,0,0
BRDA:44,4,1,0
BRDA:46,5,0,0
BRDA:46,5,1,0
BRDA:58,6,0,0
BRDA:58,6,1,0
BRDA:66,7,0,0
BRDA:66,7,1,0
BRDA:73,8,0,0
BRDA:73,8,1,0
BRDA:82,9,0,0
BRDA:82,9,1,0
BRDA:105,10,0,0
BRDA:105,10,1,0
BRDA:148,11,0,0
BRDA:148,11,1,0
BRDA:156,12,0,0
BRDA:156,12,1,0
BRDA:160,13,0,0
BRDA:160,13,1,0
BRDA:166,14,0,0
BRDA:166,14,1,0
BRDA:175,15,0,0
BRDA:175,15,1,0
BRDA:185,16,0,0
BRDA:185,16,1,0
BRF:34
BRH:0
end_of_record
TN:
SF:src\screens\ManageEventPlanScreen.tsx
FN:28,(anonymous_0)
FN:93,ManageEventPlanScreen
FN:122,(anonymous_2)
FN:126,(anonymous_3)
FN:134,(anonymous_4)
FN:143,(anonymous_5)
FN:153,(anonymous_6)
FN:173,(anonymous_7)
FN:182,(anonymous_8)
FN:207,(anonymous_9)
FN:219,(anonymous_10)
FN:231,(anonymous_11)
FN:265,(anonymous_12)
FN:277,(anonymous_13)
FN:300,(anonymous_14)
FN:311,(anonymous_15)
FN:425,(anonymous_16)
FN:439,(anonymous_17)
FNF:18
FNH:0
FNDA:0,(anonymous_0)
FNDA:0,ManageEventPlanScreen
FNDA:0,(anonymous_2)
FNDA:0,(anonymous_3)
FNDA:0,(anonymous_4)
FNDA:0,(anonymous_5)
FNDA:0,(anonymous_6)
FNDA:0,(anonymous_7)
FNDA:0,(anonymous_8)
FNDA:0,(anonymous_9)
FNDA:0,(anonymous_10)
FNDA:0,(anonymous_11)
FNDA:0,(anonymous_12)
FNDA:0,(anonymous_13)
FNDA:0,(anonymous_14)
FNDA:0,(anonymous_15)
FNDA:0,(anonymous_16)
FNDA:0,(anonymous_17)
DA:28,0
DA:29,0
DA:30,0
DA:31,0
DA:32,0
DA:33,0
DA:34,0
DA:38,0
DA:94,0
DA:95,0
DA:96,0
DA:97,0
DA:98,0
DA:100,0
DA:101,0
DA:103,0
DA:104,0
DA:105,0
DA:106,0
DA:109,0
DA:110,0
DA:111,0
DA:112,0
DA:113,0
DA:114,0
DA:115,0
DA:117,0
DA:118,0
DA:119,0
DA:120,0
DA:122,0
DA:123,0
DA:126,0
DA:127,0
DA:128,0
DA:130,0
DA:131,0
DA:134,0
DA:135,0
DA:144,0
DA:145,0
DA:146,0
DA:153,0
DA:154,0
DA:155,0
DA:156,0
DA:160,0
DA:161,0
DA:162,0
DA:163,0
DA:166,0
DA:169,0
DA:170,0
DA:173,0
DA:174,0
DA:175,0
DA:176,0
DA:177,0
DA:178,0
DA:181,0
DA:182,0
DA:194,0
DA:196,0
DA:197,0
DA:198,0
DA:200,0
DA:201,0
DA:202,0
DA:203,0
DA:207,0
DA:208,0
DA:209,0
DA:210,0
DA:211,0
DA:212,0
DA:213,0
DA:214,0
DA:215,0
DA:216,0
DA:219,0
DA:220,0
DA:231,0
DA:241,0
DA:265,0
DA:277,0
DA:301,0
DA:311,0
DA:425,0
DA:440,0
DA:441,0
DA:442,0
DA:476,0
LF:92
LH:0
BRDA:29,0,0,0
BRDA:29,0,1,0
BRDA:30,1,0,0
BRDA:30,1,1,0
BRDA:31,2,0,0
BRDA:31,2,1,0
BRDA:32,3,0,0
BRDA:32,3,1,0
BRDA:33,4,0,0
BRDA:33,4,1,0
BRDA:111,5,0,0
BRDA:111,5,1,0
BRDA:145,6,0,0
BRDA:145,6,1,0
BRDA:154,7,0,0
BRDA:154,7,1,0
BRDA:161,8,0,0
BRDA:161,8,1,0
BRDA:174,9,0,0
BRDA:174,9,1,0
BRDA:175,10,0,0
BRDA:175,10,1,0
BRDA:176,11,0,0
BRDA:176,11,1,0
BRDA:177,12,0,0
BRDA:177,12,1,0
BRDA:182,13,0,0
BRDA:182,13,1,0
BRDA:182,13,2,0
BRDA:183,14,0,0
BRDA:183,14,1,0
BRDA:185,15,0,0
BRDA:185,15,1,0
BRDA:186,16,0,0
BRDA:186,16,1,0
BRDA:186,17,0,0
BRDA:186,17,1,0
BRDA:187,18,0,0
BRDA:187,18,1,0
BRDA:196,19,0,0
BRDA:196,19,1,0
BRDA:210,20,0,0
BRDA:210,20,1,0
BRDA:223,21,0,0
BRDA:223,21,1,0
BRDA:235,22,0,0
BRDA:235,22,1,0
BRDA:253,23,0,0
BRDA:253,23,1,0
BRDA:286,24,0,0
BRDA:286,24,1,0
BRDA:306,25,0,0
BRDA:306,25,1,0
BRDA:316,26,0,0
BRDA:316,26,1,0
BRDA:320,27,0,0
BRDA:320,27,1,0
BRDA:330,28,0,0
BRDA:330,28,1,0
BRDA:330,28,2,0
BRDA:337,29,0,0
BRDA:337,29,1,0
BRDA:348,30,0,0
BRDA:348,30,1,0
BRDA:353,31,0,0
BRDA:353,31,1,0
BRDA:364,32,0,0
BRDA:364,32,1,0
BRDA:374,33,0,0
BRDA:374,33,1,0
BRDA:385,34,0,0
BRDA:385,34,1,0
BRDA:385,34,2,0
BRDA:392,35,0,0
BRDA:392,35,1,0
BRDA:403,36,0,0
BRDA:403,36,1,0
BRDA:410,37,0,0
BRDA:410,37,1,0
BRDA:424,38,0,0
BRDA:424,38,1,0
BRDA:432,39,0,0
BRDA:432,39,1,0
BRDA:436,40,0,0
BRDA:436,40,1,0
BRDA:441,41,0,0
BRDA:441,41,1,0
BRDA:452,42,0,0
BRDA:452,42,1,0
BRDA:466,43,0,0
BRDA:466,43,1,0
BRF:91
BRH:0
end_of_record
TN:
SF:src\screens\NotificationSettingsScreen.tsx
FN:19,NotificationSettingsScreen
FN:33,(anonymous_1)
FN:37,(anonymous_2)
FN:50,(anonymous_3)
FN:56,(anonymous_4)
FN:65,(anonymous_5)
FN:154,(anonymous_6)
FN:177,(anonymous_7)
FN:200,(anonymous_8)
FNF:9
FNH:0
FNDA:0,NotificationSettingsScreen
FNDA:0,(anonymous_1)
FNDA:0,(anonymous_2)
FNDA:0,(anonymous_3)
FNDA:0,(anonymous_4)
FNDA:0,(anonymous_5)
FNDA:0,(anonymous_6)
FNDA:0,(anonymous_7)
FNDA:0,(anonymous_8)
DA:20,0
DA:28,0
DA:30,0
DA:31,0
DA:33,0
DA:34,0
DA:37,0
DA:38,0
DA:39,0
DA:40,0
DA:42,0
DA:43,0
DA:50,0
DA:51,0
DA:52,0
DA:53,0
DA:56,0
DA:57,0
DA:66,0
DA:67,0
DA:68,0
DA:75,0
DA:154,0
DA:177,0
DA:200,0
DA:254,0
LF:26
LH:0
BRDA:42,0,0,0
BRDA:42,0,1,0
BRDA:91,1,0,0
BRDA:91,1,1,0
BRDA:119,2,0,0
BRDA:119,2,1,0
BRDA:156,3,0,0
BRDA:156,3,1,0
BRDA:179,4,0,0
BRDA:179,4,1,0
BRDA:202,5,0,0
BRDA:202,5,1,0
BRDA:224,6,0,0
BRDA:224,6,1,0
BRDA:228,7,0,0
BRDA:228,7,1,0
BRF:16
BRH:0
end_of_record
TN:
SF:src\screens\NotificationsScreen.tsx
FN:7,NotificationsScreen
FNF:1
FNH:0
FNDA:0,NotificationsScreen
DA:8,0
DA:10,0
DA:21,0
LF:3
LH:0
BRF:0
BRH:0
end_of_record
TN:
SF:src\screens\OnboardingScreen.tsx
FN:7,OnboardingScreen
FNF:1
FNH:0
FNDA:0,OnboardingScreen
DA:8,0
DA:10,0
DA:22,0
LF:3
LH:0
BRF:0
BRH:0
end_of_record
TN:
SF:src\screens\SettingsScreen.tsx
FN:15,SettingsScreen
FN:29,(anonymous_1)
FN:37,(anonymous_2)
FN:57,(anonymous_3)
FN:109,(anonymous_4)
FN:138,(anonymous_5)
FN:147,(anonymous_6)
FN:152,(anonymous_7)
FN:162,(anonymous_8)
FN:166,(anonymous_9)
FN:176,(anonymous_10)
FN:185,(anonymous_11)
FN:194,(anonymous_12)
FN:318,(anonymous_13)
FN:336,(anonymous_14)
FN:343,(anonymous_15)
FN:369,(anonymous_16)
FN:376,(anonymous_17)
FN:414,(anonymous_18)
FN:440,(anonymous_19)
FN:482,(anonymous_20)
FN:488,(anonymous_21)
FN:500,(anonymous_22)
FN:508,(anonymous_23)
FNF:24
FNH:0
FNDA:0,SettingsScreen
FNDA:0,(anonymous_1)
FNDA:0,(anonymous_2)
FNDA:0,(anonymous_3)
FNDA:0,(anonymous_4)
FNDA:0,(anonymous_5)
FNDA:0,(anonymous_6)
FNDA:0,(anonymous_7)
FNDA:0,(anonymous_8)
FNDA:0,(anonymous_9)
FNDA:0,(anonymous_10)
FNDA:0,(anonymous_11)
FNDA:0,(anonymous_12)
FNDA:0,(anonymous_13)
FNDA:0,(anonymous_14)
FNDA:0,(anonymous_15)
FNDA:0,(anonymous_16)
FNDA:0,(anonymous_17)
FNDA:0,(anonymous_18)
FNDA:0,(anonymous_19)
FNDA:0,(anonymous_20)
FNDA:0,(anonymous_21)
FNDA:0,(anonymous_22)
FNDA:0,(anonymous_23)
DA:16,0
DA:17,0
DA:18,0
DA:19,0
DA:20,0
DA:21,0
DA:22,0
DA:23,0
DA:24,0
DA:26,0
DA:29,0
DA:30,0
DA:31,0
DA:32,0
DA:37,0
DA:38,0
DA:39,0
DA:40,0
DA:41,0
DA:44,0
DA:51,0
DA:52,0
DA:57,0
DA:58,0
DA:59,0
DA:61,0
DA:62,0
DA:65,0
DA:66,0
DA:67,0
DA:69,0
DA:70,0
DA:72,0
DA:74,0
DA:81,0
DA:82,0
DA:83,0
DA:86,0
DA:88,0
DA:92,0
DA:94,0
DA:95,0
DA:98,0
DA:99,0
DA:101,0
DA:102,0
DA:104,0
DA:109,0
DA:110,0
DA:111,0
DA:112,0
DA:116,0
DA:118,0
DA:120,0
DA:125,0
DA:128,0
DA:138,0
DA:139,0
DA:140,0
DA:141,0
DA:142,0
DA:143,0
DA:144,0
DA:147,0
DA:148,0
DA:149,0
DA:152,0
DA:153,0
DA:154,0
DA:155,0
DA:157,0
DA:159,0
DA:162,0
DA:163,0
DA:166,0
DA:167,0
DA:168,0
DA:169,0
DA:171,0
DA:173,0
DA:176,0
DA:177,0
DA:186,0
DA:187,0
DA:194,0
DA:207,0
DA:229,0
DA:319,0
DA:320,0
DA:337,0
DA:343,0
DA:369,0
DA:376,0
DA:415,0
DA:416,0
DA:441,0
DA:442,0
DA:482,0
DA:488,0
DA:501,0
DA:508,0
DA:536,0
LF:102
LH:0
BRDA:30,0,0,0
BRDA:30,0,1,0
BRDA:31,1,0,0
BRDA:31,1,1,0
BRDA:32,2,0,0
BRDA:32,2,1,0
BRDA:39,3,0,0
BRDA:39,3,1,0
BRDA:51,4,0,0
BRDA:51,4,1,0
BRDA:51,5,0,0
BRDA:51,5,1,0
BRDA:58,6,0,0
BRDA:58,6,1,0
BRDA:81,7,0,0
BRDA:81,7,1,0
BRDA:102,8,0,0
BRDA:102,8,1,0
BRDA:139,9,0,0
BRDA:139,9,1,0
BRDA:139,10,0,0
BRDA:139,10,1,0
BRDA:154,11,0,0
BRDA:154,11,1,0
BRDA:168,12,0,0
BRDA:168,12,1,0
BRDA:199,13,0,0
BRDA:219,14,0,0
BRDA:219,14,1,0
BRDA:222,15,0,0
BRDA:222,15,1,0
BRDA:222,15,2,0
BRDA:241,16,0,0
BRDA:241,16,1,0
BRDA:248,17,0,0
BRDA:248,17,1,0
BRDA:255,18,0,0
BRDA:255,18,1,0
BRDA:289,19,0,0
BRDA:289,19,1,0
BRDA:341,20,0,0
BRDA:341,20,1,0
BRDA:351,21,0,0
BRDA:351,21,1,0
BRDA:439,22,0,0
BRDA:439,22,1,0
BRDA:506,23,0,0
BRDA:506,23,1,0
BRDA:510,24,0,0
BRDA:510,24,1,0
BRDA:517,25,0,0
BRDA:517,25,1,0
BRF:52
BRH:0
end_of_record
TN:
SF:src\screens\SquadEventsScreen.tsx
FN:26,SquadEventsScreen
FN:44,(anonymous_1)
FN:50,(anonymous_2)
FN:51,(anonymous_3)
FN:57,(anonymous_4)
FN:74,(anonymous_5)
FN:80,(anonymous_6)
FN:84,(anonymous_7)
FN:88,(anonymous_8)
FN:93,(anonymous_9)
FN:95,(anonymous_10)
FN:145,(anonymous_11)
FN:170,(anonymous_12)
FN:206,(anonymous_13)
FN:211,(anonymous_14)
FN:220,(anonymous_15)
FN:224,(anonymous_16)
FN:225,(anonymous_17)
FNF:18
FNH:0
FNDA:0,SquadEventsScreen
FNDA:0,(anonymous_1)
FNDA:0,(anonymous_2)
FNDA:0,(anonymous_3)
FNDA:0,(anonymous_4)
FNDA:0,(anonymous_5)
FNDA:0,(anonymous_6)
FNDA:0,(anonymous_7)
FNDA:0,(anonymous_8)
FNDA:0,(anonymous_9)
FNDA:0,(anonymous_10)
FNDA:0,(anonymous_11)
FNDA:0,(anonymous_12)
FNDA:0,(anonymous_13)
FNDA:0,(anonymous_14)
FNDA:0,(anonymous_15)
FNDA:0,(anonymous_16)
FNDA:0,(anonymous_17)
DA:27,0
DA:28,0
DA:35,0
DA:36,0
DA:38,0
DA:39,0
DA:40,0
DA:43,0
DA:45,0
DA:50,0
DA:51,0
DA:52,0
DA:54,0
DA:55,0
DA:57,0
DA:58,0
DA:59,0
DA:66,0
DA:69,0
DA:70,0
DA:74,0
DA:75,0
DA:76,0
DA:77,0
DA:80,0
DA:81,0
DA:84,0
DA:85,0
DA:88,0
DA:89,0
DA:93,0
DA:95,0
DA:96,0
DA:97,0
DA:121,0
DA:136,0
DA:145,0
DA:170,0
DA:207,0
DA:211,0
DA:221,0
DA:224,0
DA:225,0
DA:246,0
LF:44
LH:0
BRDA:58,0,0,0
BRDA:58,0,1,0
BRDA:69,1,0,0
BRDA:69,1,1,0
BRDA:93,2,0,0
BRDA:93,2,1,0
BRDA:96,3,0,0
BRDA:96,3,1,0
BRDA:143,4,0,0
BRDA:143,4,1,0
BRDA:150,5,0,0
BRDA:150,5,1,0
BRDA:154,6,0,0
BRDA:154,6,1,0
BRDA:158,7,0,0
BRDA:158,7,1,0
BRDA:168,8,0,0
BRDA:168,8,1,0
BRDA:175,9,0,0
BRDA:175,9,1,0
BRDA:179,10,0,0
BRDA:179,10,1,0
BRDA:186,11,0,0
BRDA:186,11,1,0
BRDA:186,12,0,0
BRDA:186,12,1,0
BRDA:203,13,0,0
BRDA:203,13,1,0
BRDA:204,14,0,0
BRDA:204,14,1,0
BRDA:219,15,0,0
BRDA:219,15,1,0
BRF:32
BRH:0
end_of_record
TN:
SF:src\screens\SquadScreen.tsx
FN:55,SquadScreen
FN:64,(anonymous_1)
FN:71,(anonymous_2)
FN:80,(anonymous_3)
FN:84,(anonymous_4)
FN:102,(anonymous_5)
FN:148,(anonymous_6)
FN:155,(anonymous_7)
FN:173,(anonymous_8)
FN:187,(anonymous_9)
FN:194,(anonymous_10)
FN:202,(anonymous_11)
FN:213,(anonymous_12)
FN:223,(anonymous_13)
FN:235,(anonymous_14)
FN:246,(anonymous_15)
FN:260,(anonymous_16)
FN:265,(anonymous_17)
FN:265,(anonymous_18)
FN:273,(anonymous_19)
FN:283,(anonymous_20)
FN:291,(anonymous_21)
FN:304,(anonymous_22)
FN:311,(anonymous_23)
FN:313,(anonymous_24)
FN:316,(anonymous_25)
FN:320,(anonymous_26)
FN:324,(anonymous_27)
FN:328,(anonymous_28)
FN:332,(anonymous_29)
FN:345,(anonymous_30)
FN:351,(anonymous_31)
FN:360,(anonymous_32)
FN:373,(anonymous_33)
FN:383,(anonymous_34)
FN:387,(anonymous_35)
FN:420,(anonymous_36)
FN:469,(anonymous_37)
FN:473,(anonymous_38)
FN:474,(anonymous_39)
FN:476,(anonymous_40)
FN:484,(anonymous_41)
FN:493,(anonymous_42)
FN:514,(anonymous_43)
FN:518,(anonymous_44)
FN:530,(anonymous_45)
FN:534,(anonymous_46)
FN:535,(anonymous_47)
FN:549,(anonymous_48)
FN:550,(anonymous_49)
FN:555,(anonymous_50)
FN:576,(anonymous_51)
FN:579,(anonymous_52)
FN:589,(anonymous_53)
FN:604,(anonymous_54)
FN:610,(anonymous_55)
FN:646,(anonymous_56)
FN:658,(anonymous_57)
FN:666,(anonymous_58)
FN:715,(anonymous_59)
FN:731,(anonymous_60)
FN:732,(anonymous_61)
FN:735,(anonymous_62)
FN:744,(anonymous_63)
FN:751,(anonymous_64)
FN:777,(anonymous_65)
FN:796,(anonymous_66)
FNF:67
FNH:0
FNDA:0,SquadScreen
FNDA:0,(anonymous_1)
FNDA:0,(anonymous_2)
FNDA:0,(anonymous_3)
FNDA:0,(anonymous_4)
FNDA:0,(anonymous_5)
FNDA:0,(anonymous_6)
FNDA:0,(anonymous_7)
FNDA:0,(anonymous_8)
FNDA:0,(anonymous_9)
FNDA:0,(anonymous_10)
FNDA:0,(anonymous_11)
FNDA:0,(anonymous_12)
FNDA:0,(anonymous_13)
FNDA:0,(anonymous_14)
FNDA:0,(anonymous_15)
FNDA:0,(anonymous_16)
FNDA:0,(anonymous_17)
FNDA:0,(anonymous_18)
FNDA:0,(anonymous_19)
FNDA:0,(anonymous_20)
FNDA:0,(anonymous_21)
FNDA:0,(anonymous_22)
FNDA:0,(anonymous_23)
FNDA:0,(anonymous_24)
FNDA:0,(anonymous_25)
FNDA:0,(anonymous_26)
FNDA:0,(anonymous_27)
FNDA:0,(anonymous_28)
FNDA:0,(anonymous_29)
FNDA:0,(anonymous_30)
FNDA:0,(anonymous_31)
FNDA:0,(anonymous_32)
FNDA:0,(anonymous_33)
FNDA:0,(anonymous_34)
FNDA:0,(anonymous_35)
FNDA:0,(anonymous_36)
FNDA:0,(anonymous_37)
FNDA:0,(anonymous_38)
FNDA:0,(anonymous_39)
FNDA:0,(anonymous_40)
FNDA:0,(anonymous_41)
FNDA:0,(anonymous_42)
FNDA:0,(anonymous_43)
FNDA:0,(anonymous_44)
FNDA:0,(anonymous_45)
FNDA:0,(anonymous_46)
FNDA:0,(anonymous_47)
FNDA:0,(anonymous_48)
FNDA:0,(anonymous_49)
FNDA:0,(anonymous_50)
FNDA:0,(anonymous_51)
FNDA:0,(anonymous_52)
FNDA:0,(anonymous_53)
FNDA:0,(anonymous_54)
FNDA:0,(anonymous_55)
FNDA:0,(anonymous_56)
FNDA:0,(anonymous_57)
FNDA:0,(anonymous_58)
FNDA:0,(anonymous_59)
FNDA:0,(anonymous_60)
FNDA:0,(anonymous_61)
FNDA:0,(anonymous_62)
FNDA:0,(anonymous_63)
FNDA:0,(anonymous_64)
FNDA:0,(anonymous_65)
FNDA:0,(anonymous_66)
DA:56,0
DA:57,0
DA:58,0
DA:61,0
DA:64,0
DA:65,0
DA:66,0
DA:67,0
DA:69,0
DA:71,0
DA:72,0
DA:73,0
DA:80,0
DA:81,0
DA:82,0
DA:84,0
DA:85,0
DA:86,0
DA:87,0
DA:88,0
DA:89,0
DA:90,0
DA:91,0
DA:92,0
DA:95,0
DA:102,0
DA:107,0
DA:110,0
DA:111,0
DA:121,0
DA:122,0
DA:127,0
DA:130,0
DA:133,0
DA:134,0
DA:135,0
DA:136,0
DA:137,0
DA:138,0
DA:140,0
DA:142,0
DA:143,0
DA:144,0
DA:147,0
DA:148,0
DA:149,0
DA:153,0
DA:156,0
DA:157,0
DA:159,0
DA:162,0
DA:163,0
DA:167,0
DA:168,0
DA:171,0
DA:174,0
DA:176,0
DA:178,0
DA:179,0
DA:181,0
DA:187,0
DA:188,0
DA:189,0
DA:190,0
DA:191,0
DA:194,0
DA:195,0
DA:196,0
DA:197,0
DA:198,0
DA:199,0
DA:202,0
DA:203,0
DA:204,0
DA:205,0
DA:213,0
DA:214,0
DA:215,0
DA:220,0
DA:223,0
DA:224,0
DA:230,0
DA:231,0
DA:235,0
DA:236,0
DA:237,0
DA:238,0
DA:239,0
DA:242,0
DA:243,0
DA:244,0
DA:246,0
DA:254,0
DA:256,0
DA:260,0
DA:261,0
DA:262,0
DA:264,0
DA:265,0
DA:266,0
DA:267,0
DA:269,0
DA:273,0
DA:274,0
DA:275,0
DA:276,0
DA:277,0
DA:279,0
DA:283,0
DA:284,0
DA:285,0
DA:286,0
DA:287,0
DA:291,0
DA:292,0
DA:293,0
DA:294,0
DA:295,0
DA:300,0
DA:304,0
DA:305,0
DA:306,0
DA:307,0
DA:308,0
DA:311,0
DA:312,0
DA:313,0
DA:316,0
DA:317,0
DA:320,0
DA:321,0
DA:324,0
DA:325,0
DA:328,0
DA:329,0
DA:332,0
DA:333,0
DA:334,0
DA:345,0
DA:351,0
DA:352,0
DA:361,0
DA:362,0
DA:373,0
DA:374,0
DA:375,0
DA:376,0
DA:381,0
DA:384,0
DA:387,0
DA:420,0
DA:421,0
DA:422,0
DA:429,0
DA:430,0
DA:456,0
DA:470,0
DA:473,0
DA:476,0
DA:484,0
DA:485,0
DA:486,0
DA:493,0
DA:495,0
DA:515,0
DA:518,0
DA:531,0
DA:534,0
DA:535,0
DA:549,0
DA:550,0
DA:551,0
DA:556,0
DA:557,0
DA:577,0
DA:579,0
DA:589,0
DA:590,0
DA:604,0
DA:610,0
DA:619,0
DA:620,0
DA:627,0
DA:646,0
DA:658,0
DA:666,0
DA:680,0
DA:716,0
DA:717,0
DA:718,0
DA:719,0
DA:720,0
DA:722,0
DA:731,0
DA:732,0
DA:735,0
DA:744,0
DA:751,0
DA:778,0
DA:796,0
DA:838,0
LF:201
LH:0
BRDA:65,0,0,0
BRDA:65,0,1,0
BRDA:67,1,0,0
BRDA:67,1,1,0
BRDA:67,2,0,0
BRDA:67,2,1,0
BRDA:67,2,2,0
BRDA:69,3,0,0
BRDA:69,3,1,0
BRDA:69,4,0,0
BRDA:69,4,1,0
BRDA:81,5,0,0
BRDA:81,5,1,0
BRDA:81,6,0,0
BRDA:81,6,1,0
BRDA:87,7,0,0
BRDA:87,7,1,0
BRDA:88,8,0,0
BRDA:88,8,1,0
BRDA:88,9,0,0
BRDA:88,9,1,0
BRDA:90,10,0,0
BRDA:90,10,1,0
BRDA:157,11,0,0
BRDA:157,11,1,0
BRDA:162,12,0,0
BRDA:162,12,1,0
BRDA:162,13,0,0
BRDA:162,13,1,0
BRDA:167,14,0,0
BRDA:167,14,1,0
BRDA:167,15,0,0
BRDA:167,15,1,0
BRDA:176,16,0,0
BRDA:176,16,1,0
BRDA:176,17,0,0
BRDA:176,17,1,0
BRDA:179,18,0,0
BRDA:179,18,1,0
BRDA:179,19,0,0
BRDA:179,19,1,0
BRDA:189,20,0,0
BRDA:189,20,1,0
BRDA:190,21,0,0
BRDA:190,21,1,0
BRDA:191,22,0,0
BRDA:191,22,1,0
BRDA:197,23,0,0
BRDA:197,23,1,0
BRDA:198,24,0,0
BRDA:198,24,1,0
BRDA:199,25,0,0
BRDA:199,25,1,0
BRDA:203,26,0,0
BRDA:203,26,1,0
BRDA:230,27,0,0
BRDA:230,27,1,0
BRDA:237,28,0,0
BRDA:237,28,1,0
BRDA:264,29,0,0
BRDA:264,29,1,0
BRDA:276,30,0,0
BRDA:276,30,1,0
BRDA:286,31,0,0
BRDA:286,31,1,0
BRDA:312,32,0,0
BRDA:312,32,1,0
BRDA:390,33,0,0
BRDA:390,33,1,0
BRDA:390,34,0,0
BRDA:390,34,1,0
BRDA:392,35,0,0
BRDA:392,35,1,0
BRDA:396,36,0,0
BRDA:396,36,1,0
BRDA:421,37,0,0
BRDA:421,37,1,0
BRDA:429,38,0,0
BRDA:429,38,1,0
BRDA:485,39,0,0
BRDA:485,39,1,0
BRDA:509,40,0,0
BRDA:509,40,1,0
BRDA:529,41,0,0
BRDA:529,41,1,0
BRDA:561,42,0,0
BRDA:561,42,1,0
BRDA:619,43,0,0
BRDA:619,43,1,0
BRDA:641,44,0,0
BRDA:641,44,1,0
BRDA:657,45,0,0
BRDA:657,45,1,0
BRDA:717,46,0,0
BRDA:717,46,1,0
BRDA:719,47,0,0
BRDA:719,47,1,0
BRDA:743,48,0,0
BRDA:743,48,1,0
BRDA:746,49,0,0
BRDA:746,49,1,0
BRDA:747,50,0,0
BRDA:747,50,1,0
BRDA:750,51,0,0
BRDA:750,51,1,0
BRDA:753,52,0,0
BRDA:753,52,1,0
BRDA:754,53,0,0
BRDA:754,53,1,0
BRDA:758,54,0,0
BRDA:758,54,1,0
BRDA:769,55,0,0
BRDA:769,55,1,0
BRDA:781,56,0,0
BRDA:781,56,1,0
BRDA:786,57,0,0
BRDA:786,57,1,0
BRDA:788,58,0,0
BRDA:788,58,1,0
BRDA:806,59,0,0
BRDA:806,59,1,0
BRDA:810,60,0,0
BRDA:810,60,1,0
BRDA:818,61,0,0
BRDA:818,61,1,0
BRF:125
BRH:0
end_of_record
TN:
SF:src\services\notificationService.ts
FN:9,(anonymous_0)
FN:43,registerForPushNotificationsAsync
FN:100,savePushToken
FN:114,getNotificationPreferences
FN:134,saveNotificationPreferences
FN:151,scheduleWorkoutReminder
FN:196,scheduleCheckInReminder
FN:247,cancelEventNotifications
FN:261,cancelAllNotifications
FN:268,sendLocalNotification
FN:287,getScheduledNotificationCount
FN:295,addNotificationListeners
FN:303,(anonymous_12)
FNF:13
FNH:0
FNDA:0,(anonymous_0)
FNDA:0,registerForPushNotificationsAsync
FNDA:0,savePushToken
FNDA:0,getNotificationPreferences
FNDA:0,saveNotificationPreferences
FNDA:0,scheduleWorkoutReminder
FNDA:0,scheduleCheckInReminder
FNDA:0,cancelEventNotifications
FNDA:0,cancelAllNotifications
FNDA:0,sendLocalNotification
FNDA:0,getScheduledNotificationCount
FNDA:0,addNotificationListeners
FNDA:0,(anonymous_12)
DA:8,0
DA:9,0
DA:33,0
DA:44,0
DA:47,0
DA:48,0
DA:49,0
DA:53,0
DA:54,0
DA:57,0
DA:58,0
DA:59,0
DA:62,0
DA:63,0
DA:64,0
DA:68,0
DA:69,0
DA:70,0
DA:73,0
DA:75,0
DA:76,0
DA:80,0
DA:81,0
DA:88,0
DA:94,0
DA:101,0
DA:106,0
DA:107,0
DA:115,0
DA:121,0
DA:122,0
DA:125,0
DA:138,0
DA:143,0
DA:144,0
DA:159,0
DA:160,0
DA:161,0
DA:164,0
DA:165,0
DA:168,0
DA:169,0
DA:186,0
DA:188,0
DA:189,0
DA:202,0
DA:203,0
DA:204,0
DA:207,0
DA:208,0
DA:210,0
DA:211,0
DA:214,0
DA:215,0
DA:216,0
DA:232,0
DA:234,0
DA:238,0
DA:241,0
DA:248,0
DA:250,0
DA:251,0
DA:252,0
DA:253,0
DA:262,0
DA:273,0
DA:288,0
DA:289,0
DA:299,0
DA:300,0
DA:303,0
DA:304,0
DA:305,0
LF:73
LH:0
BRDA:47,0,0,0
BRDA:47,0,1,0
BRDA:57,1,0,0
BRDA:57,1,1,0
BRDA:62,2,0,0
BRDA:62,2,1,0
BRDA:80,3,0,0
BRDA:80,3,1,0
BRDA:106,4,0,0
BRDA:106,4,1,0
BRDA:121,5,0,0
BRDA:121,5,1,0
BRDA:121,6,0,0
BRDA:121,6,1,0
BRDA:143,7,0,0
BRDA:143,7,1,0
BRDA:164,8,0,0
BRDA:164,8,1,0
BRDA:204,9,0,0
BRDA:204,9,1,0
BRDA:204,10,0,0
BRDA:204,10,1,0
BRDA:210,11,0,0
BRDA:210,11,1,0
BRDA:252,12,0,0
BRDA:252,12,1,0
BRF:26
BRH:0
end_of_record
TN:
SF:src\theme\colors.ts
FN:67,generateThemeColors
FN:106,lightenDarken
FN:123,hexToRgba
FN:131,getContrastText
FNF:4
FNH:0
FNDA:0,generateThemeColors
FNDA:0,lightenDarken
FNDA:0,hexToRgba
FNDA:0,getContrastText
DA:15,0
DA:72,0
DA:73,0
DA:76,0
DA:77,0
DA:80,0
DA:84,0
DA:107,0
DA:108,0
DA:109,0
DA:110,0
DA:112,0
DA:113,0
DA:114,0
DA:115,0
DA:116,0
DA:117,0
DA:118,0
DA:119,0
DA:124,0
DA:125,0
DA:126,0
DA:127,0
DA:132,0
DA:133,0
DA:134,0
DA:135,0
DA:136,0
DA:140,0
DA:183,0
DA:192,0
DA:200,0
DA:220,0
LF:33
LH:0
BRDA:72,0,0,0
BRDA:72,0,1,0
BRDA:73,1,0,0
BRDA:73,1,1,0
BRDA:76,2,0,0
BRDA:76,2,1,0
BRDA:76,3,0,0
BRDA:76,3,1,0
BRDA:77,4,0,0
BRDA:77,4,1,0
BRDA:78,5,0,0
BRDA:78,5,1,0
BRDA:79,6,0,0
BRDA:79,6,1,0
BRDA:80,7,0,0
BRDA:80,7,1,0
BRDA:81,8,0,0
BRDA:81,8,1,0
BRDA:82,9,0,0
BRDA:82,9,1,0
BRDA:90,10,0,0
BRDA:90,10,1,0
BRDA:92,11,0,0
BRDA:92,11,1,0
BRDA:93,12,0,0
BRDA:93,12,1,0
BRDA:94,13,0,0
BRDA:94,13,1,0
BRDA:95,14,0,0
BRDA:95,14,1,0
BRDA:96,15,0,0
BRDA:96,15,1,0
BRDA:108,16,0,0
BRDA:108,16,1,0
BRDA:119,17,0,0
BRDA:119,17,1,0
BRDA:136,18,0,0
BRDA:136,18,1,0
BRF:38
BRH:0
end_of_record
TN:
SF:src\theme\index.ts
FNF:0
FNH:0
LF:0
LH:0
BRF:0
BRH:0
end_of_record
TN:
SF:src\theme\styles.ts
FN:5,(anonymous_0)
FNF:1
FNH:0
FNDA:0,(anonymous_0)
DA:5,0
DA:6,0
DA:8,0
DA:268,0
LF:4
LH:0
BRDA:5,0,0,0
BRDA:6,1,0,0
BRDA:6,1,1,0
BRF:3
BRH:0
end_of_record
